CUDA_DEVICE=/dev/nvidia/0
Sun Mar 23 17:32:43 2025       
+-----------------------------------------------------------------------------------------+
| NVIDIA-SMI 565.57.01              Driver Version: 565.57.01      CUDA Version: 12.7     |
|-----------------------------------------+------------------------+----------------------+
| GPU  Name                 Persistence-M | Bus-Id          Disp.A | Volatile Uncorr. ECC |
| Fan  Temp   Perf          Pwr:Usage/Cap |           Memory-Usage | GPU-Util  Compute M. |
|                                         |                        |               MIG M. |
|=========================================+========================+======================|
|   0  NVIDIA A100-SXM4-80GB          Off |   00000000:0B:00.0 Off |                    0 |
| N/A   25C    P0             57W /  400W |       1MiB /  81920MiB |      0%      Default |
|                                         |                        |             Disabled |
+-----------------------------------------+------------------------+----------------------+
                                                                                         
+-----------------------------------------------------------------------------------------+
| Processes:                                                                              |
|  GPU   GI   CI        PID   Type   Process name                              GPU Memory |
|        ID   ID                                                               Usage      |
|=========================================================================================|
|  No running processes found                                                             |
+-----------------------------------------------------------------------------------------+
Module load: anaconda/3-2023.07-2
============= PREPROCESSING: lrs30Fi83BHQsMA_00002 =============
/home/sam.caasi/.conda/envs/mononphm/lib/python3.9/site-packages/torch/cuda/__init__.py:107: UserWarning: CUDA initialization: CUDA unknown error - this may be due to an incorrectly set up environment, e.g. changing env variable CUDA_VISIBLE_DEVICES after program start. Setting the available devices to be zero. (Triggered internally at /opt/conda/conda-bld/pytorch_1682343964576/work/c10/cuda/CUDAFunctions.cpp:109.)
  return torch._C._cuda_getDeviceCount() > 0
########################################
########################################
[ENTERING - LANDMARK PREDICTION] @ lrs30Fi83BHQsMA_00002
########################################
########################################
Landmark detection already finished! SKIPPING!
slurmstepd: error: *** JOB 66445 ON saliksik-gpu-10 CANCELLED AT 2025-03-23T17:33:03 ***
