CUDA_DEVICE=/dev/nvidia/0
Tue Mar 18 19:56:11 2025       
+-----------------------------------------------------------------------------------------+
| NVIDIA-SMI 565.57.01              Driver Version: 565.57.01      CUDA Version: 12.7     |
|-----------------------------------------+------------------------+----------------------+
| GPU  Name                 Persistence-M | Bus-Id          Disp.A | Volatile Uncorr. ECC |
| Fan  Temp   Perf          Pwr:Usage/Cap |           Memory-Usage | GPU-Util  Compute M. |
|                                         |                        |               MIG M. |
|=========================================+========================+======================|
|   0  NVIDIA A100-SXM4-80GB          Off |   00000000:0B:00.0 Off |                    0 |
| N/A   25C    P0             58W /  400W |       1MiB /  81920MiB |      0%      Default |
|                                         |                        |             Disabled |
+-----------------------------------------+------------------------+----------------------+
                                                                                         
+-----------------------------------------------------------------------------------------+
| Processes:                                                                              |
|  GPU   GI   CI        PID   Type   Process name                              GPU Memory |
|        ID   ID                                                               Usage      |
|=========================================================================================|
|  No running processes found                                                             |
+-----------------------------------------------------------------------------------------+
Module load: anaconda/3-2023.07-2
Processing: tracking_output/pretrained_mononphm_original/stage2/6330311066473698535_00011/00000
Processing: tracking_output/pretrained_mononphm_original/stage2/6330311066473698535_00011/00001
Processing: tracking_output/pretrained_mononphm_original/stage2/6330311066473698535_00011/00002
Processing: tracking_output/pretrained_mononphm_original/stage2/6330311066473698535_00011/00003
Processing: tracking_output/pretrained_mononphm_original/stage2/6330311066473698535_00011/00004
Processing: tracking_output/pretrained_mononphm_original/stage2/6330311066473698535_00011/00005
Processing: tracking_output/pretrained_mononphm_original/stage2/6330311066473698535_00011/00006
Processing: tracking_output/pretrained_mononphm_original/stage2/6330311066473698535_00011/00007
Processing: tracking_output/pretrained_mononphm_original/stage2/6330311066473698535_00011/00008
Processing: tracking_output/pretrained_mononphm_original/stage2/6330311066473698535_00011/00009
Processing: tracking_output/pretrained_mononphm_original/stage2/6330311066473698535_00011/00010
Processing: tracking_output/pretrained_mononphm_original/stage2/6330311066473698535_00011/00011
Processing: tracking_output/pretrained_mononphm_original/stage2/6330311066473698535_00011/00012
Processing: tracking_output/pretrained_mononphm_original/stage2/6330311066473698535_00011/00013
Processing: tracking_output/pretrained_mononphm_original/stage2/6330311066473698535_00011/00014
Processing: tracking_output/pretrained_mononphm_original/stage2/6330311066473698535_00011/00015
Processing: tracking_output/pretrained_mononphm_original/stage2/6330311066473698535_00011/00016
Processing: tracking_output/pretrained_mononphm_original/stage2/6330311066473698535_00011/00017
Processing: tracking_output/pretrained_mononphm_original/stage2/6330311066473698535_00011/00018
Processing: tracking_output/pretrained_mononphm_original/stage2/6330311066473698535_00011/00019
Processing: tracking_output/pretrained_mononphm_original/stage2/6330311066473698535_00011/00020
Processing: tracking_output/pretrained_mononphm_original/stage2/6330311066473698535_00011/00021
Processing: tracking_output/pretrained_mononphm_original/stage2/6330311066473698535_00011/00022
Processing: tracking_output/pretrained_mononphm_original/stage2/6330311066473698535_00011/00023
Processing: tracking_output/pretrained_mononphm_original/stage2/6330311066473698535_00011/00024
Processing: tracking_output/pretrained_mononphm_original/stage2/6330311066473698535_00011/00025
Processing: tracking_output/pretrained_mononphm_original/stage2/6330311066473698535_00011/00026
Processing: tracking_output/pretrained_mononphm_original/stage2/6330311066473698535_00011/00027
Processing: tracking_output/pretrained_mononphm_original/stage2/6330311066473698535_00011/00028
Processing: tracking_output/pretrained_mononphm_original/stage2/6330311066473698535_00011/00029
Processing: tracking_output/pretrained_mononphm_original/stage2/6330311066473698535_00011/00030
Processing: tracking_output/pretrained_mononphm_original/stage2/6330311066473698535_00011/00031
Processing: tracking_output/pretrained_mononphm_original/stage2/6330311066473698535_00011/00032
Processing: tracking_output/pretrained_mononphm_original/stage2/6330311066473698535_00011/00033
Processing: tracking_output/pretrained_mononphm_original/stage2/6330311066473698535_00011/00034
Processing: tracking_output/pretrained_mononphm_original/stage2/6330311066473698535_00011/00035
Processing: tracking_output/pretrained_mononphm_original/stage2/6330311066473698535_00011/00036
Processing: tracking_output/pretrained_mononphm_original/stage2/6330311066473698535_00011/00037
Processing: tracking_output/pretrained_mononphm_original/stage2/6330311066473698535_00011/00038
Processing: tracking_output/pretrained_mononphm_original/stage2/6330311066473698535_00011/00039
Processing: tracking_output/pretrained_mononphm_original/stage2/6330311066473698535_00011/00040
Processing: tracking_output/pretrained_mononphm_original/stage2/6330311066473698535_00011/00041
Processing: tracking_output/pretrained_mononphm_original/stage2/6330311066473698535_00011/00042
Processing: tracking_output/pretrained_mononphm_original/stage2/6330311066473698535_00011/00043
Processing: tracking_output/pretrained_mononphm_original/stage2/6330311066473698535_00011/00044
Processing: tracking_output/pretrained_mononphm_original/stage2/6330311066473698535_00011/00045
Processing: tracking_output/pretrained_mononphm_original/stage2/6330311066473698535_00011/00046
Processing: tracking_output/pretrained_mononphm_original/stage2/6330311066473698535_00011/00047
Processing: tracking_output/pretrained_mononphm_original/stage2/6330311066473698535_00011/00048
Processing: tracking_output/pretrained_mononphm_original/stage2/6330311066473698535_00011/00049
Processing: tracking_output/pretrained_mononphm_original/stage2/6330311066473698535_00011/00050
Processing: tracking_output/pretrained_mononphm_original/stage2/6330311066473698535_00011/00051
Processing: tracking_output/pretrained_mononphm_original/stage2/6330311066473698535_00011/00052
Processing: tracking_output/pretrained_mononphm_original/stage2/6330311066473698535_00011/00053
Processing: tracking_output/pretrained_mononphm_original/stage2/6330311066473698535_00011/00054
Processing: tracking_output/pretrained_mononphm_original/stage2/6330311066473698535_00011/00055
Processing: tracking_output/pretrained_mononphm_original/stage2/6330311066473698535_00011/00056
Processing: tracking_output/pretrained_mononphm_original/stage2/6330311066473698535_00011/00057
Processing: tracking_output/pretrained_mononphm_original/stage2/6330311066473698535_00011/00058
Processing: tracking_output/pretrained_mononphm_original/stage2/6330311066473698535_00011/00059
Processing: tracking_output/pretrained_mononphm_original/stage2/6330311066473698535_00011/00060
Processing: tracking_output/pretrained_mononphm_original/stage2/6330311066473698535_00011/00061
Video saved to ../datasets/face_pose_transformed/lrs2_face_transformed/6330311066473698535_00011/6330311066473698535_00011.mp4
Transcript saved to ../datasets/face_pose_transformed/lrs2_face_transformed/6330311066473698535_00011/6330311066473698535_00011.txt
Processing: tracking_output/pretrained_mononphm_original/stage2/6334934169140712754_00068/00000
Processing: tracking_output/pretrained_mononphm_original/stage2/6334934169140712754_00068/00001
Processing: tracking_output/pretrained_mononphm_original/stage2/6334934169140712754_00068/00002
Processing: tracking_output/pretrained_mononphm_original/stage2/6334934169140712754_00068/00003
Processing: tracking_output/pretrained_mononphm_original/stage2/6334934169140712754_00068/00004
Processing: tracking_output/pretrained_mononphm_original/stage2/6334934169140712754_00068/00005
Processing: tracking_output/pretrained_mononphm_original/stage2/6334934169140712754_00068/00006
Processing: tracking_output/pretrained_mononphm_original/stage2/6334934169140712754_00068/00007
Processing: tracking_output/pretrained_mononphm_original/stage2/6334934169140712754_00068/00008
Processing: tracking_output/pretrained_mononphm_original/stage2/6334934169140712754_00068/00009
Processing: tracking_output/pretrained_mononphm_original/stage2/6334934169140712754_00068/00010
Processing: tracking_output/pretrained_mononphm_original/stage2/6334934169140712754_00068/00011
Processing: tracking_output/pretrained_mononphm_original/stage2/6334934169140712754_00068/00012
Processing: tracking_output/pretrained_mononphm_original/stage2/6334934169140712754_00068/00013
Processing: tracking_output/pretrained_mononphm_original/stage2/6334934169140712754_00068/00014
Processing: tracking_output/pretrained_mononphm_original/stage2/6334934169140712754_00068/00015
Processing: tracking_output/pretrained_mononphm_original/stage2/6334934169140712754_00068/00016
Processing: tracking_output/pretrained_mononphm_original/stage2/6334934169140712754_00068/00017
Processing: tracking_output/pretrained_mononphm_original/stage2/6334934169140712754_00068/00018
Processing: tracking_output/pretrained_mononphm_original/stage2/6334934169140712754_00068/00019
Processing: tracking_output/pretrained_mononphm_original/stage2/6334934169140712754_00068/00020
Processing: tracking_output/pretrained_mononphm_original/stage2/6334934169140712754_00068/00021
Processing: tracking_output/pretrained_mononphm_original/stage2/6334934169140712754_00068/00022
Processing: tracking_output/pretrained_mononphm_original/stage2/6334934169140712754_00068/00023
Processing: tracking_output/pretrained_mononphm_original/stage2/6334934169140712754_00068/00024
Processing: tracking_output/pretrained_mononphm_original/stage2/6334934169140712754_00068/00025
Processing: tracking_output/pretrained_mononphm_original/stage2/6334934169140712754_00068/00026
Processing: tracking_output/pretrained_mononphm_original/stage2/6334934169140712754_00068/00027
Processing: tracking_output/pretrained_mononphm_original/stage2/6334934169140712754_00068/00028
Processing: tracking_output/pretrained_mononphm_original/stage2/6334934169140712754_00068/00029
Processing: tracking_output/pretrained_mononphm_original/stage2/6334934169140712754_00068/00030
Processing: tracking_output/pretrained_mononphm_original/stage2/6334934169140712754_00068/00031
Processing: tracking_output/pretrained_mononphm_original/stage2/6334934169140712754_00068/00032
Processing: tracking_output/pretrained_mononphm_original/stage2/6334934169140712754_00068/00033
Processing: tracking_output/pretrained_mononphm_original/stage2/6334934169140712754_00068/00034
Processing: tracking_output/pretrained_mononphm_original/stage2/6334934169140712754_00068/00035
Processing: tracking_output/pretrained_mononphm_original/stage2/6334934169140712754_00068/00036
Processing: tracking_output/pretrained_mononphm_original/stage2/6334934169140712754_00068/00037
Video saved to ../datasets/face_pose_transformed/lrs2_face_transformed/6334934169140712754_00068/6334934169140712754_00068.mp4
Transcript saved to ../datasets/face_pose_transformed/lrs2_face_transformed/6334934169140712754_00068/6334934169140712754_00068.txt
