CUDA_DEVICE=/dev/nvidia/0
Sun Mar 30 11:40:47 2025       
+-----------------------------------------------------------------------------------------+
| NVIDIA-SMI 570.124.06             Driver Version: 570.124.06     CUDA Version: 12.8     |
|-----------------------------------------+------------------------+----------------------+
| GPU  Name                 Persistence-M | Bus-Id          Disp.A | Volatile Uncorr. ECC |
| Fan  Temp   Perf          Pwr:Usage/Cap |           Memory-Usage | GPU-Util  Compute M. |
|                                         |                        |               MIG M. |
|=========================================+========================+======================|
|   0  NVIDIA A100-SXM4-80GB          Off |   00000000:48:00.0 Off |                    0 |
| N/A   32C    P0             57W /  400W |       1MiB /  81920MiB |      0%      Default |
|                                         |                        |             Disabled |
+-----------------------------------------+------------------------+----------------------+
                                                                                         
+-----------------------------------------------------------------------------------------+
| Processes:                                                                              |
|  GPU   GI   CI              PID   Type   Process name                        GPU Memory |
|        ID   ID                                                               Usage      |
|=========================================================================================|
|  No running processes found                                                             |
+-----------------------------------------------------------------------------------------+
Module load: anaconda/3-2023.07-2
2.0.1 True 11.7
4.11.0
Skipping 6330311066473698535_00011 (already processed)
Skipping 6330311066473698535_00018 (already processed)
Skipping 6330311066473698535_00022 (already processed)
Skipping 6330311066473698535_00025 (already processed)
Skipping 6331559613336179781_00019 (already processed)
Skipping 6331559613336179781_00020 (already processed)
Skipping 6331559613336179781_00021 (already processed)
Skipping 6331559613336179781_00027 (already processed)
Skipping 6331559613336179781_00029 (already processed)
Skipping 6331559613336179781_00036 (already processed)
Skipping 6331559613336179781_00038 (already processed)
Skipping 6331559613336179781_00039 (already processed)
Skipping 6331733559511729306_00011 (already processed)
Skipping 6331733559511729306_00025 (already processed)
Skipping 6331733559511729306_00026 (already processed)
Skipping 6331733559511729306_00031 (already processed)
Skipping 6332062124509813446_00015 (already processed)
Skipping 6332062124509813446_00016 (already processed)
Skipping 6332062124509813446_00018 (already processed)
Skipping 6332062124509813446_00059 (already processed)
Skipping 6332062124509813446_00063 (already processed)
Skipping 6332491191742745853_00011 (already processed)
Skipping 6332491191742745853_00014 (already processed)
Skipping 6332804294858562278_00009 (already processed)
Skipping 6332804294858562278_00020 (already processed)
Skipping 6332804294858562278_00026 (already processed)
Skipping 6332804294858562278_00034 (already processed)
Skipping 6333175380032936690_00012 (already processed)
Skipping 6333175380032936690_00015 (already processed)
Skipping 6333604447265869137_00003 (already processed)
Skipping 6333604447265869137_00005 (already processed)
Skipping 6334149478615670679_00004 (already processed)
Skipping 6334149478615670679_00008 (already processed)
Skipping 6334149478615670679_00015 (already processed)
Skipping 6334149478615670679_00025 (already processed)
Skipping 6334331155732352379_00002 (already processed)
Skipping 6334563083966338309_00004 (already processed)
Skipping 6334563083966338309_00024 (already processed)
Skipping 6334563083966338309_00057 (already processed)
Skipping 6334563083966338309_00081 (already processed)
Skipping 6334563083966338309_00089 (already processed)
Skipping 6334563083966338309_00103 (already processed)
Skipping 6334563083966338309_00106 (already processed)
Skipping 6334934169140712754_00001 (already processed)
Skipping 6334934169140712754_00002 (already processed)
Skipping 6334934169140712754_00013 (already processed)
Skipping 6334934169140712754_00059 (already processed)
Skipping 6334934169140712754_00068 (already processed)
Skipping 6334934169140712754_00070 (already processed)
Skipping 6334934169140712754_00073 (already processed)
Skipping 6334934169140712754_00082 (already processed)
Skipping 6335003747610845928_00004 (already processed)
Skipping 6335003747610845928_00009 (already processed)
Skipping 6335003747610845928_00022 (already processed)
Skipping 6335003747610845928_00045 (already processed)
Skipping 6335305254315087182_00011 (already processed)
Skipping 6335305254315087182_00012 (already processed)
Skipping 6335305254315087182_00014 (already processed)
Skipping 6335305254315087182_00017 (already processed)
Skipping 6335305254315087182_00028 (already processed)
Skipping 6335305254315087182_00032 (already processed)
Skipping 6335305254315087182_00035 (already processed)
Skipping 6335305254315087182_00036 (already processed)
Skipping 6335305254315087182_00057 (already processed)
Skipping 6335305254315087182_00058 (already processed)
Skipping 6335676339489461610_00002 (already processed)
Skipping 6335676339489461610_00011 (already processed)
Skipping 6335676339489461610_00014 (already processed)
Skipping 6335676339489461610_00030 (already processed)
Skipping 6335676339489461610_00031 (already processed)
Skipping 6335676339489461610_00038 (already processed)
Skipping 6335676339489461610_00042 (already processed)
Skipping 6335676339489461610_00070 (already processed)
Skipping 6335676339489461610_00071 (already processed)
Skipping 6335676339489461610_00079 (already processed)
Skipping 6336047424663836038_00001 (already processed)
Skipping 6336047424663836038_00006 (already processed)
Skipping 6336047424663836038_00008 (already processed)
Skipping 6336047424663836038_00061 (already processed)
Skipping 6336047424663836038_00076 (already processed)
Skipping 6336117003133970558_00003 (already processed)
Skipping 6336117003133970558_00018 (already processed)
Skipping 6336117003133970558_00062 (already processed)
Skipping 6336117003133970558_00067 (already processed)
Skipping 6336739343895160063_00006 (already processed)
Skipping 6336739343895160063_00016 (already processed)
Skipping 6336739343895160063_00021 (already processed)
Skipping 6336739343895160063_00027 (already processed)
Skipping 6336739343895160063_00040 (already processed)
Skipping 6336739343895160063_00042 (already processed)
Skipping 6336739343895160063_00046 (already processed)
Skipping 6336739343895160063_00052 (already processed)
Skipping 6336739343895160063_00053 (already processed)
Skipping 6336739343895160063_00056 (already processed)
Skipping 6336851442541654996_00001 (already processed)
Skipping 6336917155541276097_00004 (already processed)
Skipping 6336917155541276097_00005 (already processed)
Skipping 6336917155541276097_00007 (already processed)
Skipping 6336917155541276097_00022 (already processed)
Skipping 6336917155541276097_00037 (already processed)
Skipping 6337160680186960682_00038 (already processed)
Skipping 6337160680186960682_00051 (already processed)
Skipping 6337160680186960682_00054 (already processed)
Skipping 6337160680186960682_00060 (already processed)
Skipping 6337160680186960682_00078 (already processed)
Skipping 6337230258657094880_00029 (already processed)
Skipping 6337531765361335111_00008 (already processed)
Skipping 6337531765361335111_00018 (already processed)
Skipping 6337531765361335111_00019 (already processed)
Skipping 6337531765361335111_00022 (already processed)
Skipping 6337531765361335111_00029 (already processed)
Skipping 6337531765361335111_00037 (already processed)
Skipping 6337531765361335111_00069 (already processed)
Skipping 6337531765361335111_00073 (already processed)
Skipping 6337902850535709539_00015 (already processed)
Skipping 6337902850535709539_00027 (already processed)
Skipping 6337902850535709539_00038 (already processed)
Skipping 6337902850535709539_00065 (already processed)
Skipping 6337902850535709539_00068 (already processed)
Skipping 6337902850535709539_00074 (already processed)
Skipping 6337902850535709539_00077 (already processed)
Skipping 6338130913429528164_00002 (already processed)
Skipping 6338130913429528164_00003 (already processed)
Skipping 6338130913429528164_00028 (already processed)
Skipping 6338130913429528164_00037 (already processed)
Skipping 6338130913429528164_00046 (already processed)
Skipping 6338273935710083967_00003 (already processed)
Skipping 6338273935710083967_00004 (already processed)
Skipping 6338273935710083967_00021 (already processed)
Skipping 6338273935710083967_00038 (already processed)
Skipping 6338273935710083967_00047 (already processed)
Skipping 6338273935710083967_00059 (already processed)
Skipping 6338273935710083967_00076 (already processed)
Skipping 6338645020884458400_00016 (already processed)
Skipping 6338645020884458400_00032 (already processed)
Skipping 6338645020884458400_00046 (already processed)
Skipping 6338645020884458400_00057 (already processed)
Skipping 6338645020884458400_00071 (already processed)
Skipping 6338807370648247218_00020 (already processed)
Skipping 6338807370648247218_00022 (already processed)
Skipping 6339077953587836416_00002 (already processed)
Skipping 6339077953587836416_00003 (already processed)
Skipping 6339077953587836416_00004 (already processed)
Skipping 6339077953587836416_00017 (already processed)
Skipping 6339077953587836416_00018 (already processed)
Skipping 6339077953587836416_00025 (already processed)
Skipping 6339077953587836416_00029 (already processed)
Skipping 6339077953587836416_00031 (already processed)
Skipping 6339077953587836416_00035 (already processed)
Skipping 6339356267468615354_00006 (already processed)
Skipping 6339356267468615354_00010 (already processed)
Skipping 6339356267468615354_00011 (already processed)
Skipping 6339356267468615354_00018 (already processed)
Skipping 6339356267468615354_00024 (already processed)
Skipping 6339356267468615354_00035 (already processed)
Skipping 6339356267468615354_00046 (already processed)
Skipping 6339464500644477822_00008 (already processed)
Skipping 6339464500644477822_00020 (already processed)
Skipping 6339464500644477822_00021 (already processed)
Skipping 6339464500644477822_00030 (already processed)
Skipping 6339464500644477822_00032 (already processed)
Skipping 6339526348173538836_00014 (already processed)
Skipping 6339615254127026753_00009 (already processed)
Skipping 6339615254127026753_00011 (already processed)
Skipping 6339615254127026753_00012 (already processed)
Skipping 6339615254127026753_00015 (already processed)
Skipping 6339758276407584924_00015 (already processed)
Skipping 6339758276407584924_00030 (already processed)
Skipping 6339758276407584924_00036 (already processed)
Skipping 6339758276407584924_00038 (already processed)
Skipping 6339758276407584924_00062 (already processed)
Skipping 6339758276407584924_00065 (already processed)
Skipping 6339758276407584924_00081 (already processed)
Skipping 6339758276407584924_00082 (already processed)
Skipping 6339758276407584924_00089 (already processed)
Skipping 6339758276407584924_00098 (already processed)
Skipping 6340129361581959353_00022 (already processed)
Skipping 6340299442417279404_00006 (already processed)
Skipping 6340299442417279404_00019 (already processed)
Skipping 6340299442417279404_00023 (already processed)
Skipping 6340500446756333781_00007 (already processed)
Skipping 6340500446756333781_00031 (already processed)
Skipping 6340500446756333781_00034 (already processed)
Skipping 6340500446756333781_00058 (already processed)
Skipping 6340500446756333781_00059 (already processed)
Skipping 6340871531930708209_00025 (already processed)
Skipping 6340871531930708209_00031 (already processed)
Skipping 6340871531930708209_00037 (already processed)
Skipping 6340871531930708209_00057 (already processed)
Skipping 6340871531930708209_00058 (already processed)
Skipping 6340871531930708209_00073 (already processed)
Skipping 6340871531930708209_00092 (already processed)
Skipping 6340871531930708209_00094 (already processed)
Skipping 6340871531930708209_00102 (already processed)
Skipping 6340871531930708209_00106 (already processed)
Skipping 6341242617105082637_00016 (already processed)
Skipping 6341242617105082637_00022 (already processed)
Skipping 6341242617105082637_00032 (already processed)
Skipping 6341242617105082637_00049 (already processed)
Skipping 6341242617105082637_00071 (already processed)
Skipping 6341242617105082637_00095 (already processed)
Skipping 6341242617105082637_00110 (already processed)
Skipping 6341242617105082637_00112 (already processed)
Skipping 6341381774045411442_00010 (already processed)
Skipping 6341404966868871455_00002 (already processed)
Skipping 6341404966868871455_00005 (already processed)
Skipping 6341404966868871455_00014 (already processed)
Skipping 6341404966868871455_00015 (already processed)
Skipping 6341949998218671745_00019 (already processed)
Skipping 6341949998218671745_00022 (already processed)
Skipping 6341949998218671745_00025 (already processed)
Skipping 6341949998218671745_00028 (already processed)
Skipping 6341949998218671745_00030 (already processed)
Skipping 6341949998218671745_00031 (already processed)
Skipping 6342112347982522696_00001 (already processed)
Skipping 6342112347982522696_00004 (already processed)
Skipping 6342112347982522696_00008 (already processed)
Skipping 6342112347982522696_00020 (already processed)
Skipping 6342112347982522696_00026 (already processed)
Skipping 6342440912980576694_00002 (already processed)
Skipping 6343252661930009508_00006 (already processed)
Skipping 6343252661930009508_00008 (already processed)
Skipping 6343252661930009508_00020 (already processed)
Skipping 6343252661930009508_00021 (already processed)
Skipping 6343252661930009508_00030 (already processed)
Skipping 6343252661930009508_00032 (already processed)
Skipping 6343252661930009508_00035 (already processed)
Skipping 6343252661930009508_00051 (already processed)
Skipping 6343252661930009508_00055 (already processed)
Skipping 6343252661930009508_00061 (already processed)
Skipping 6343252661930009508_00067 (already processed)
Skipping 6343252661930009508_00073 (already processed)
Skipping 6343252661930009508_00092 (already processed)
Skipping 6343252661930009508_00094 (already processed)
Skipping 6343252661930009508_00095 (already processed)
Skipping 6343252661930009508_00111 (already processed)
Skipping 6343252661930009508_00113 (already processed)
Skipping 6343252661930009508_00117 (already processed)
Skipping 6343252661930009508_00121 (already processed)
Skipping 6343608285091658983_00001 (already processed)
Skipping 6343608285091658983_00003 (already processed)
Skipping 6343979370266033402_00001 (already processed)
Skipping 6344002563089494087_00006 (already processed)
Skipping 6344002563089494087_00012 (already processed)
Skipping 6344002563089494087_00015 (already processed)
Skipping 6344002563089494087_00016 (already processed)
Skipping 6344350455440407821_00014 (already processed)
Skipping 6344350455440407821_00030 (already processed)
Skipping 6344350455440407821_00032 (already processed)
Skipping 6344350455440407821_00047 (already processed)
Skipping 6344547594439294233_00037 (already processed)
Skipping 6344709944203120665_00011 (already processed)
Skipping 6344709944203120665_00030 (already processed)
Skipping 6344737002497020519_00001 (already processed)
Skipping 6344737002497020519_00005 (already processed)
Skipping 6345541020505319391_00007 (already processed)
Skipping 6345541020505319391_00015 (already processed)
Skipping 6345850258020171127_00006 (already processed)
Skipping 6346600159310117136_00014 (already processed)
Skipping 6347195441777342774_00010 (already processed)
Skipping 6347195441777342774_00023 (already processed)
Skipping 6347195441777342774_00036 (already processed)
Skipping 6347195441777342774_00052 (already processed)
Skipping 6347195441777342774_00054 (already processed)
Skipping 6347195441777342774_00074 (already processed)
Skipping 6347195441777342774_00083 (already processed)
Skipping 6347195441777342774_00098 (already processed)
Skipping 6347195441777342774_00103 (already processed)
Skipping 6347195441777342774_00105 (already processed)
Skipping 6347195441777342774_00129 (already processed)
Skipping 6347195441777342774_00130 (already processed)
Skipping 6347195441777342774_00139 (already processed)
Skipping 6347195441777342774_00160 (already processed)
Skipping 6347195441777342774_00180 (already processed)
Skipping 6347195441777342774_00188 (already processed)
Skipping 6347195441777342774_00194 (already processed)
Skipping 6347271462698456331_00003 (already processed)
Skipping 6347271462698456331_00005 (already processed)
Skipping 6347271462698456331_00006 (already processed)
Skipping 6347271462698456331_00026 (already processed)
Skipping 6347271462698456331_00028 (already processed)
Skipping 6347338464188272871_00011 (already processed)
Skipping 6347350060599908703_00005 (already processed)
Skipping 6347350060599908703_00007 (already processed)
Skipping 6347524006775395501_00006 (already processed)
Skipping 6347524006775395501_00020 (already processed)
Skipping 6347667029186417939_00010 (already processed)
Skipping 6347667029186417939_00011 (already processed)
Skipping 6347667029186417939_00030 (already processed)
Skipping 6347667029186417939_00035 (already processed)
Skipping 6348038114360790454_00004 (already processed)
Skipping 6348038114360790454_00012 (already processed)
Skipping 6348409199535164855_00011 (already processed)
Skipping 6348409199535164855_00022 (already processed)
Skipping 6348409199535164855_00054 (already processed)
Skipping 6348440123299631026_00021 (already processed)
Skipping 6348463316123031920_00004 (already processed)
Skipping 6348463316123031920_00014 (already processed)
Skipping 6348463316123031920_00020 (already processed)
Skipping 6348463316123031920_00027 (already processed)
Skipping 6348714571709909926_00001 (already processed)
Skipping 6348714571709909926_00011 (already processed)
Skipping 6348780284709539256_00003 (already processed)
Skipping 6348780284709539256_00016 (already processed)
Skipping 6348780284709539256_00019 (already processed)
Skipping 6348780284709539256_00026 (already processed)
Skipping 6348834401297406331_00002 (already processed)
Skipping 6348834401297406331_00006 (already processed)
Skipping 6348834401297406331_00023 (already processed)
Skipping 6348834401297406331_00046 (already processed)
Skipping 6348834401297406331_00051 (already processed)
Skipping 6348834401427892766_00009 (already processed)
Skipping 6348834401427892766_00015 (already processed)
Skipping 6348834401427892766_00029 (already processed)
Skipping 6348834401427892766_00043 (already processed)
Skipping 6348834401427892766_00045 (already processed)
Skipping 6348834401427892766_00048 (already processed)
Skipping 6349108849707618270_00007 (already processed)
Skipping 6349174562707247076_00008 (already processed)
Skipping 6349174562707247076_00010 (already processed)
Skipping 6349174562707247076_00019 (already processed)
Skipping 6349190024589512678_00006 (already processed)
Skipping 6349213217412979095_00007 (already processed)
Skipping 6349213217412979095_00010 (already processed)
Skipping 6349228679295241171_00016 (already processed)
Skipping 6349420664333310663_00012 (already processed)
Skipping 6349559821273762790_00002 (already processed)
Skipping 6349559821273762790_00010 (already processed)
Skipping 6349793037997935601_00008 (already processed)
Skipping 6349793037997935601_00025 (already processed)
Skipping 6349793037997935601_00029 (already processed)
Skipping 6349793037997935601_00062 (already processed)
Skipping 6349793037997935601_00067 (already processed)
Skipping 6349793037997935601_00076 (already processed)
Skipping 6349793037997935601_00098 (already processed)
Skipping 6349793037997935601_00118 (already processed)
Skipping 6349793037997935601_00128 (already processed)
Skipping 6349793037997935601_00138 (already processed)
Skipping 6349793037997935601_00163 (already processed)
Skipping 6349793037997935601_00183 (already processed)
Skipping 6349847154585871175_00007 (already processed)
Skipping 6349847154585871175_00014 (already processed)
Skipping 6349847154585871175_00018 (already processed)
Skipping 6349847154585871175_00027 (already processed)
Skipping 6349847154585871175_00028 (already processed)
Skipping 6349847154585871175_00035 (already processed)
Skipping 6349847154585871175_00037 (already processed)
Skipping 6349847154585871175_00039 (already processed)
Skipping 6349916733056066377_00018 (already processed)
Skipping 6349947656820532043_00016 (already processed)
Skipping 6350152526760616781_00008 (already processed)
Skipping 6350152526760616781_00009 (already processed)
Skipping 6350152526760616781_00013 (already processed)
Skipping 6350152526760616781_00016 (already processed)
Skipping 6350152526760616781_00052 (already processed)
Skipping 6350152526760616781_00059 (already processed)
Skipping 6350152526760616781_00067 (already processed)
Skipping 6350222105230808621_00007 (already processed)
Skipping 6350222105230808621_00008 (already processed)
Skipping 6350222105230808621_00012 (already processed)
Skipping 6350264625407039025_00015 (already processed)
Skipping 6350295549171504559_00001 (already processed)
Skipping 6350295549171504559_00004 (already processed)
Skipping 6350295549171504559_00006 (already processed)
Skipping 6350295549171504559_00016 (already processed)
Skipping 6350523611934991188_00008 (already processed)
Skipping 6350523611934991188_00013 (already processed)
Skipping 6350523611934991188_00015 (already processed)
Skipping 6350523611934991188_00016 (already processed)
Skipping 6350523611934991188_00021 (already processed)
Skipping 6350523611934991188_00027 (already processed)
Skipping 6350523611934991188_00060 (already processed)
Skipping 6350523611934991188_00061 (already processed)
Skipping 6350523611934991188_00067 (already processed)
Skipping 6350666634345878987_00013 (already processed)
Skipping 6350921755403330389_00027 (already processed)
Skipping 6350921755403330389_00030 (already processed)
Skipping 6350921755403330389_00041 (already processed)
Skipping 6350921755403330389_00056 (already processed)
Skipping 6350921755403330389_00058 (already processed)
Skipping 6350921755403330389_00062 (already processed)
Skipping 6351037719520253414_00001 (already processed)
Skipping 6351037719520253414_00003 (already processed)
Skipping 6351234858519149621_00007 (already processed)
Skipping 6351234858519149621_00044 (already processed)
Skipping 6351265782283739990_00001 (already processed)
Skipping 6351265782283739990_00008 (already processed)
Skipping 6351265782283739990_00030 (already processed)
Skipping 6351265782283739990_00032 (already processed)
Skipping 6351265782283739990_00033 (already processed)
Skipping 6351424266576959115_00013 (already processed)
Skipping 6351424266576959115_00014 (already processed)
Skipping 6351424266576959115_00015 (already processed)
Skipping 6351431997518095202_00003 (already processed)
Skipping 6351431997518095202_00008 (already processed)
Skipping 6351431997518095202_00009 (already processed)
Skipping 6351431997518095202_00017 (already processed)
Skipping 6351431997518095202_00019 (already processed)
Skipping 6351636867458114391_00002 (already processed)
Skipping 6351636867458114391_00004 (already processed)
Skipping 6351636867458114391_00005 (already processed)
Skipping 6351636867458114391_00010 (already processed)
Skipping 6351636867458114391_00033 (already processed)
Skipping 6351636867458114391_00037 (already processed)
Skipping 6351636867458114391_00040 (already processed)
Skipping 6351714176869448803_00001 (already processed)
Skipping 6351714176869448803_00004 (already processed)
Skipping 6351714176869448803_00010 (already processed)
Skipping 6351772158927869467_00029 (already processed)
Skipping 6351772158927869467_00035 (already processed)
Skipping 6351810813633601326_00001 (already processed)
Skipping 6351810813633601326_00002 (already processed)
Skipping 6351810813633601326_00006 (already processed)
Skipping 6351810813633601326_00007 (already processed)
Skipping 6351810813633601326_00013 (already processed)
Skipping 6351810813633601326_00014 (already processed)
Skipping 6351810813633601326_00016 (already processed)
Skipping 6351810813633601326_00020 (already processed)
Skipping 6351826275515864748_00006 (already processed)
Skipping 6351841737398064668_00004 (already processed)
Skipping 6352157417494386368_00027 (already processed)
Skipping 6352157417494386368_00030 (already processed)
Skipping 6352157417494386368_00043 (already processed)
Skipping 6352157417494386368_00050 (already processed)
Skipping 6352157417494386368_00051 (already processed)
Skipping 6352498867394358158_00018 (already processed)
Skipping 6352498867394358158_00019 (already processed)
Skipping 6352498867394358158_00027 (already processed)
Skipping 6352533656629519062_00002 (already processed)
Skipping 6352533656629519062_00006 (already processed)
Skipping 6352533656629519062_00013 (already processed)
Skipping 6352815835980800496_00002 (already processed)
Skipping 6352815835980800496_00005 (already processed)
Skipping 6352815835980800496_00007 (already processed)
Skipping 6352893145392128503_00008 (already processed)
Skipping 6352893145392128503_00013 (already processed)
Skipping 6352893145392128503_00014 (already processed)
Skipping 6352893145392128503_00017 (already processed)
Skipping 6352893145392128503_00020 (already processed)
Skipping 6352893145392128503_00036 (already processed)
Skipping 6352916338215591806_00003 (already processed)
Skipping 6353179190214044575_00010 (already processed)
Skipping 6353179190214044575_00019 (already processed)
Skipping 6353179190214044575_00020 (already processed)
Skipping 6353190786625806236_00012 (already processed)
Skipping 6353233306802036640_00005 (already processed)
Skipping 6353233306802036640_00017 (already processed)
Skipping 6353233306802036640_00019 (already processed)
Skipping 6353233306802036640_00024 (already processed)
Skipping 6353233306802036640_00037 (already processed)
Skipping 6353233306802036640_00038 (already processed)
Skipping 6353233306802036640_00039 (already processed)
Skipping 6353264230566502930_00013 (already processed)
Skipping 6353264230566502930_00014 (already processed)
Skipping 6353561871800180662_00005 (already processed)
Skipping 6353561871800180662_00014 (already processed)
Skipping 6353561871800180662_00019 (already processed)
Skipping 6353561871800180662_00024 (already processed)
Skipping 6353604391976411066_00001 (already processed)
Skipping 6353604391976411066_00014 (already processed)
Skipping 6353635315740877357_00003 (already processed)
Skipping 6353635315740877357_00006 (already processed)
Skipping 6353909764151156687_00001 (already processed)
Skipping 6353909764151156687_00005 (already processed)
Skipping 6353932956974555090_00007 (already processed)
Skipping 6353975477150785494_00008 (already processed)
Skipping 6353975477150785494_00019 (already processed)
Skipping 6353975477150785494_00030 (already processed)
Skipping 6354006400915251783_00006 (already processed)
Skipping 6354006400915251783_00007 (already processed)
Skipping 6354304042148929518_00013 (already processed)
Skipping 6354346562325159922_00004 (already processed)
Skipping 6354346562325159922_00011 (already processed)
Skipping 6354346562325159922_00021 (already processed)
Skipping 6354346562325159922_00029 (already processed)
Skipping 6354346562325159922_00032 (already processed)
Skipping 6354346562325159922_00040 (already processed)
Skipping 6354346562325159922_00052 (already processed)
Skipping 6354369755148493407_00019 (already processed)
Skipping 6354369755148493407_00023 (already processed)
Skipping 6354369755148493407_00028 (already processed)
Skipping 6354369755148493407_00048 (already processed)
Skipping 6354369755148493407_00051 (already processed)
Skipping 6354369755148493407_00055 (already processed)
Skipping 6354617145264744350_00007 (already processed)
Skipping 6354755013715009552_00005 (already processed)
Skipping 6354988230439182363_00027 (already processed)
Skipping 6354988230439182363_00032 (already processed)
Skipping 6354988230439182363_00053 (already processed)
Skipping 6354988230439182363_00062 (already processed)
Skipping 6354988230439182363_00070 (already processed)
Skipping 6354988230439182363_00085 (already processed)
Skipping 6354988230439182363_00099 (already processed)
Skipping 6354988230439182363_00107 (already processed)
Skipping 6354988230439182363_00141 (already processed)
Skipping 6354988230439182363_00179 (already processed)
Skipping 6354988230439182363_00181 (already processed)
Skipping 6354988230439182363_00182 (already processed)
Skipping 6355115790967873574_00006 (already processed)
Skipping 6355115790967873574_00012 (already processed)
Skipping 6355115790967873574_00016 (already processed)
Skipping 6355115790967873574_00020 (already processed)
Skipping 6355115790967873574_00021 (already processed)
Skipping 6355115790967873574_00022 (already processed)
Skipping 6355115790967873574_00029 (already processed)
Skipping 6355115790967873574_00035 (already processed)
Skipping 6355193100379206640_00008 (already processed)
Skipping 6355414720691614656_00013 (already processed)
Skipping 6355459817848285433_00004 (already processed)
Skipping 6355459817848285433_00007 (already processed)
Skipping 6355544858200683461_00002 (already processed)
Skipping 6355556454612448247_00010 (already processed)
Skipping 6355556454612448247_00016 (already processed)
Skipping 6355556454612448247_00018 (already processed)
Skipping 6355568051024147448_00003 (already processed)
Skipping 6355568051024147448_00012 (already processed)
Skipping 6355568051024147448_00016 (already processed)
Skipping 6355788382846429521_00004 (already processed)
Skipping 6355788382846429521_00005 (already processed)
Skipping 6355788382846429521_00010 (already processed)
Skipping 6355830903022659925_00014 (already processed)
Skipping 6355861826787125225_00006 (already processed)
Skipping 6355861826787125225_00010 (already processed)
Skipping 6355861826787125225_00011 (already processed)
Skipping 6355861826787125225_00019 (already processed)
Skipping 6355861826787125225_00037 (already processed)
Skipping 6356201988197034394_00007 (already processed)
Skipping 6356201988197034394_00018 (already processed)
Skipping 6356201988197034394_00026 (already processed)
Skipping 6356201988197034394_00031 (already processed)
Skipping 6356201988197034394_00034 (already processed)
Skipping 6356201988197034394_00044 (already processed)
Skipping 6356232911961499649_00017 (already processed)
Skipping 6356232911961499649_00026 (already processed)
Skipping 6356530553195113872_00001 (already processed)
Skipping 6356530553195178439_00012 (already processed)
Skipping 6356530553195178439_00014 (already processed)
Skipping 6356573073371408843_00023 (already processed)
Skipping 6356573073371408843_00033 (already processed)
Skipping 6356573073371408843_00041 (already processed)
Skipping 6356573073371408843_00045 (already processed)
Skipping 6356603997135874072_00027 (already processed)
Skipping 6356619459018205648_00002 (already processed)
Skipping 6356619459018205648_00015 (already processed)
Skipping 6356878445546153116_00001 (already processed)
Skipping 6356878445546153116_00004 (already processed)
Skipping 6356878445546153116_00008 (already processed)
Skipping 6356878445546153116_00011 (already processed)
Skipping 6356878445546153116_00012 (already processed)
Skipping 6356901638369488289_00018 (already processed)
Skipping 6356998275133646895_00004 (already processed)
Skipping 6356998275133646895_00005 (already processed)
Skipping 6357006006074844331_00003 (already processed)
Skipping 6357006006074844331_00008 (already processed)
Skipping 6357006006074844331_00011 (already processed)
Skipping 6357006006074844331_00013 (already processed)
Skipping 6357006006074844331_00015 (already processed)
Skipping 6357353898425821669_00007 (already processed)
Skipping 6357353898425821669_00020 (already processed)
Skipping 6357353898425821669_00021 (already processed)
Skipping 6357353898425821669_00030 (already processed)
Skipping 6357353898425821669_00040 (already processed)
Skipping 6357353898425821669_00042 (already processed)
Skipping 6357353898425821669_00043 (already processed)
Skipping 6357701790776745251_00005 (already processed)
Skipping 6357701790776745251_00011 (already processed)
Skipping 6357701790776745251_00013 (already processed)
Skipping 6357701790776745251_00016 (already processed)
Skipping 6357701790776745251_00017 (already processed)
Skipping 6357701790776745251_00021 (already processed)
Skipping 6357714675678689620_00002 (already processed)
Skipping 6357714675678689620_00010 (already processed)
Skipping 6357714675678689620_00025 (already processed)
Skipping 6357714675678689620_00029 (already processed)
Skipping 6357714675678689620_00030 (already processed)
Skipping 6357798427540961623_00008 (already processed)
Skipping 6357798427540961623_00014 (already processed)
Skipping 6357798427540961623_00015 (already processed)
Skipping 6358014893892677091_00008 (already processed)
Skipping 6358057414068907495_00002 (already processed)
Skipping 6358057414068907495_00013 (already processed)
Skipping 6358088337833374405_00011 (already processed)
Skipping 6358088337833374405_00015 (already processed)
Skipping 6358111530656837102_00002 (already processed)
Skipping 6358428499243281970_00022 (already processed)
Skipping 6358428499243281970_00024 (already processed)
Skipping 6358428499243281970_00026 (already processed)
Skipping 6358428499243281970_00028 (already processed)
Skipping 6358428499243281970_00032 (already processed)
Skipping 6358459423007748830_00001 (already processed)
Skipping 6358474884890078775_00004 (already processed)
Skipping 6358474884890078775_00013 (already processed)
Skipping 6358757064241425994_00003 (already processed)
Skipping 6358830508182123252_00005 (already processed)
Skipping 6358830508182123252_00017 (already processed)
Skipping 6358830508182123252_00029 (already processed)
Skipping 6359128149415800422_00006 (already processed)
Skipping 6359201593356497677_00023 (already processed)
Skipping 6359499234590174850_00009 (already processed)
Skipping 6359541754766405254_00018 (already processed)
Skipping 6359541754766405254_00020 (already processed)
Skipping 6359564947589739760_00035 (already processed)
Skipping 6359564947589739760_00043 (already processed)
Skipping 6359580409472005362_00001 (already processed)
Skipping 6359580409472005362_00002 (already processed)
Skipping 6359580409472005362_00006 (already processed)
Skipping 6359580409472005362_00011 (already processed)
Skipping 6359588140413215496_00004 (already processed)
Skipping 6359603602295467662_00003 (already processed)
Skipping 6359603602295467662_00006 (already processed)
Skipping 6359603602295467662_00012 (already processed)
Skipping 6359951494646443684_00007 (already processed)
Skipping 6359982418410974886_00001 (already processed)
Skipping 6359982418410974886_00003 (already processed)
Skipping 6360322579951237696_00001 (already processed)
Skipping 6360322579951237696_00002 (already processed)
Skipping 6360322579951237696_00004 (already processed)
Skipping 6360322579951237696_00006 (already processed)
Skipping 6360322579951237696_00016 (already processed)
Skipping 6360322579951237696_00017 (already processed)
Skipping 6360322579951237696_00023 (already processed)
Skipping 6360322579951237696_00025 (already processed)
Skipping 6360322579951237696_00027 (already processed)
Skipping 6360327733781577947_00015 (already processed)
Skipping 6360327733781577947_00016 (already processed)
Skipping 6360327733781577947_00020 (already processed)
Skipping 6360393446781206759_00004 (already processed)
Skipping 6360393446781206759_00011 (already processed)
Skipping 6360393446781206759_00013 (already processed)
Skipping 6360393446781206759_00015 (already processed)
Skipping 6360393446781206759_00017 (already processed)
Skipping 6360612490113299870_00013 (already processed)
Skipping 6360612490113299870_00017 (already processed)
Skipping 6360685934053997353_00007 (already processed)
Skipping 6360709126877459881_00008 (already processed)
Skipping 6360709126877459881_00010 (already processed)
Skipping 6360709126877459881_00011 (already processed)
Skipping 6360740050641926958_00002 (already processed)
Skipping 6360740050641926958_00004 (already processed)
Skipping 6360983575287674299_00011 (already processed)
Skipping 6361028672444286629_00005 (already processed)
Skipping 6361028672444286629_00010 (already processed)
Skipping 6361028672444286629_00023 (already processed)
Skipping 6361028672444286629_00026 (already processed)
Skipping 6361354660462048727_00006 (already processed)
Skipping 6361354660462048727_00012 (already processed)
Skipping 6361428104402746195_00007 (already processed)
Skipping 6361725745636423155_00006 (already processed)
Skipping 6361725745636423155_00010 (already processed)
Skipping 6361725745636423155_00012 (already processed)
Skipping 6361725745636423155_00013 (already processed)
Skipping 6361799189577120616_00001 (already processed)
Skipping 6361799189577120616_00005 (already processed)
Skipping 6361814651459450364_00025 (already processed)
Skipping 6361822382531000645_00001 (already processed)
Skipping 6361822382531000645_00004 (already processed)
Skipping 6361822382531000645_00005 (already processed)
Skipping 6362096830810797583_00018 (already processed)
Skipping 6362096830810797583_00021 (already processed)
Skipping 6362143216457594387_00003 (already processed)
Skipping 6362143216457594387_00008 (already processed)
Skipping 6362143216457594387_00021 (already processed)
Skipping 6362143216457594387_00025 (already processed)
Skipping 6362162543810362236_00006 (already processed)
Skipping 6362162543810362236_00008 (already processed)
Skipping 6362162543810362236_00034 (already processed)
Skipping 6362162543810362236_00046 (already processed)
Skipping 6362162543810362236_00053 (already processed)
Running inference for: 6362193467574893437_00002
Traceback (most recent call last):
  File "/scratch1/sam.caasi/models/MonoNPHM/scripts/inference/rec.py", line 7, in <module>
    from mononphm.photometric_tracking.tracking import track
  File "/scratch1/sam.caasi/models/MonoNPHM/src/mononphm/photometric_tracking/tracking.py", line 21, in <module>
    from mononphm.utils.render_utils import project_points_torch
  File "/scratch1/sam.caasi/models/MonoNPHM/src/mononphm/utils/render_utils.py", line 10, in <module>
    import OpenGL.GL
  File "/home/sam.caasi/.conda/envs/mononphm/lib/python3.9/site-packages/OpenGL/GL/__init__.py", line 4, in <module>
    from OpenGL.GL.VERSION.GL_1_1 import *
  File "/home/sam.caasi/.conda/envs/mononphm/lib/python3.9/site-packages/OpenGL/GL/VERSION/GL_1_1.py", line 14, in <module>
    from OpenGL.raw.GL.VERSION.GL_1_1 import *
  File "/home/sam.caasi/.conda/envs/mononphm/lib/python3.9/site-packages/OpenGL/raw/GL/VERSION/GL_1_1.py", line 7, in <module>
    from OpenGL.raw.GL import _errors
  File "/home/sam.caasi/.conda/envs/mononphm/lib/python3.9/site-packages/OpenGL/raw/GL/_errors.py", line 4, in <module>
    _error_checker = _ErrorChecker( _p, _p.GL.glGetError )
  File "src/errorchecker.pyx", line 21, in OpenGL_accelerate.errorchecker._ErrorChecker.__init__
  File "/home/sam.caasi/.conda/envs/mononphm/lib/python3.9/site-packages/OpenGL/platform/baseplatform.py", line 19, in __get__
    value = self.fget(obj)
  File "/home/sam.caasi/.conda/envs/mononphm/lib/python3.9/site-packages/OpenGL/platform/baseplatform.py", line 409, in CurrentContextIsValid
    return self.GetCurrentContext
  File "/home/sam.caasi/.conda/envs/mononphm/lib/python3.9/site-packages/OpenGL/platform/baseplatform.py", line 19, in __get__
    value = self.fget(obj)
  File "/home/sam.caasi/.conda/envs/mononphm/lib/python3.9/site-packages/OpenGL/platform/glx.py", line 109, in GetCurrentContext
    return self.GLX.glXGetCurrentContext
AttributeError: 'NoneType' object has no attribute 'glXGetCurrentContext'
srun: error: saliksik-gpu-10: task 0: Exited with exit code 1
Running inference for: 6362193467574893437_00007
Traceback (most recent call last):
  File "/scratch1/sam.caasi/models/MonoNPHM/scripts/inference/rec.py", line 7, in <module>
    from mononphm.photometric_tracking.tracking import track
  File "/scratch1/sam.caasi/models/MonoNPHM/src/mononphm/photometric_tracking/tracking.py", line 21, in <module>
    from mononphm.utils.render_utils import project_points_torch
  File "/scratch1/sam.caasi/models/MonoNPHM/src/mononphm/utils/render_utils.py", line 10, in <module>
    import OpenGL.GL
  File "/home/sam.caasi/.conda/envs/mononphm/lib/python3.9/site-packages/OpenGL/GL/__init__.py", line 4, in <module>
    from OpenGL.GL.VERSION.GL_1_1 import *
  File "/home/sam.caasi/.conda/envs/mononphm/lib/python3.9/site-packages/OpenGL/GL/VERSION/GL_1_1.py", line 14, in <module>
    from OpenGL.raw.GL.VERSION.GL_1_1 import *
  File "/home/sam.caasi/.conda/envs/mononphm/lib/python3.9/site-packages/OpenGL/raw/GL/VERSION/GL_1_1.py", line 7, in <module>
    from OpenGL.raw.GL import _errors
  File "/home/sam.caasi/.conda/envs/mononphm/lib/python3.9/site-packages/OpenGL/raw/GL/_errors.py", line 4, in <module>
    _error_checker = _ErrorChecker( _p, _p.GL.glGetError )
  File "src/errorchecker.pyx", line 21, in OpenGL_accelerate.errorchecker._ErrorChecker.__init__
  File "/home/sam.caasi/.conda/envs/mononphm/lib/python3.9/site-packages/OpenGL/platform/baseplatform.py", line 19, in __get__
    value = self.fget(obj)
  File "/home/sam.caasi/.conda/envs/mononphm/lib/python3.9/site-packages/OpenGL/platform/baseplatform.py", line 409, in CurrentContextIsValid
    return self.GetCurrentContext
  File "/home/sam.caasi/.conda/envs/mononphm/lib/python3.9/site-packages/OpenGL/platform/baseplatform.py", line 19, in __get__
    value = self.fget(obj)
  File "/home/sam.caasi/.conda/envs/mononphm/lib/python3.9/site-packages/OpenGL/platform/glx.py", line 109, in GetCurrentContext
    return self.GLX.glXGetCurrentContext
AttributeError: 'NoneType' object has no attribute 'glXGetCurrentContext'
srun: error: saliksik-gpu-10: task 0: Exited with exit code 1
Running inference for: 6362460185044046481_00014
Traceback (most recent call last):
  File "/scratch1/sam.caasi/models/MonoNPHM/scripts/inference/rec.py", line 7, in <module>
    from mononphm.photometric_tracking.tracking import track
  File "/scratch1/sam.caasi/models/MonoNPHM/src/mononphm/photometric_tracking/tracking.py", line 21, in <module>
    from mononphm.utils.render_utils import project_points_torch
  File "/scratch1/sam.caasi/models/MonoNPHM/src/mononphm/utils/render_utils.py", line 10, in <module>
    import OpenGL.GL
  File "/home/sam.caasi/.conda/envs/mononphm/lib/python3.9/site-packages/OpenGL/GL/__init__.py", line 4, in <module>
    from OpenGL.GL.VERSION.GL_1_1 import *
  File "/home/sam.caasi/.conda/envs/mononphm/lib/python3.9/site-packages/OpenGL/GL/VERSION/GL_1_1.py", line 14, in <module>
    from OpenGL.raw.GL.VERSION.GL_1_1 import *
  File "/home/sam.caasi/.conda/envs/mononphm/lib/python3.9/site-packages/OpenGL/raw/GL/VERSION/GL_1_1.py", line 7, in <module>
    from OpenGL.raw.GL import _errors
  File "/home/sam.caasi/.conda/envs/mononphm/lib/python3.9/site-packages/OpenGL/raw/GL/_errors.py", line 4, in <module>
    _error_checker = _ErrorChecker( _p, _p.GL.glGetError )
  File "src/errorchecker.pyx", line 21, in OpenGL_accelerate.errorchecker._ErrorChecker.__init__
  File "/home/sam.caasi/.conda/envs/mononphm/lib/python3.9/site-packages/OpenGL/platform/baseplatform.py", line 19, in __get__
    value = self.fget(obj)
  File "/home/sam.caasi/.conda/envs/mononphm/lib/python3.9/site-packages/OpenGL/platform/baseplatform.py", line 409, in CurrentContextIsValid
    return self.GetCurrentContext
  File "/home/sam.caasi/.conda/envs/mononphm/lib/python3.9/site-packages/OpenGL/platform/baseplatform.py", line 19, in __get__
    value = self.fget(obj)
  File "/home/sam.caasi/.conda/envs/mononphm/lib/python3.9/site-packages/OpenGL/platform/glx.py", line 109, in GetCurrentContext
    return self.GLX.glXGetCurrentContext
AttributeError: 'NoneType' object has no attribute 'glXGetCurrentContext'
srun: error: saliksik-gpu-10: task 0: Exited with exit code 1
Running inference for: 6362460185044046481_00024
Traceback (most recent call last):
  File "/scratch1/sam.caasi/models/MonoNPHM/scripts/inference/rec.py", line 7, in <module>
    from mononphm.photometric_tracking.tracking import track
  File "/scratch1/sam.caasi/models/MonoNPHM/src/mononphm/photometric_tracking/tracking.py", line 21, in <module>
    from mononphm.utils.render_utils import project_points_torch
  File "/scratch1/sam.caasi/models/MonoNPHM/src/mononphm/utils/render_utils.py", line 10, in <module>
    import OpenGL.GL
  File "/home/sam.caasi/.conda/envs/mononphm/lib/python3.9/site-packages/OpenGL/GL/__init__.py", line 4, in <module>
    from OpenGL.GL.VERSION.GL_1_1 import *
  File "/home/sam.caasi/.conda/envs/mononphm/lib/python3.9/site-packages/OpenGL/GL/VERSION/GL_1_1.py", line 14, in <module>
    from OpenGL.raw.GL.VERSION.GL_1_1 import *
  File "/home/sam.caasi/.conda/envs/mononphm/lib/python3.9/site-packages/OpenGL/raw/GL/VERSION/GL_1_1.py", line 7, in <module>
    from OpenGL.raw.GL import _errors
  File "/home/sam.caasi/.conda/envs/mononphm/lib/python3.9/site-packages/OpenGL/raw/GL/_errors.py", line 4, in <module>
    _error_checker = _ErrorChecker( _p, _p.GL.glGetError )
  File "src/errorchecker.pyx", line 21, in OpenGL_accelerate.errorchecker._ErrorChecker.__init__
  File "/home/sam.caasi/.conda/envs/mononphm/lib/python3.9/site-packages/OpenGL/platform/baseplatform.py", line 19, in __get__
    value = self.fget(obj)
  File "/home/sam.caasi/.conda/envs/mononphm/lib/python3.9/site-packages/OpenGL/platform/baseplatform.py", line 409, in CurrentContextIsValid
    return self.GetCurrentContext
  File "/home/sam.caasi/.conda/envs/mononphm/lib/python3.9/site-packages/OpenGL/platform/baseplatform.py", line 19, in __get__
    value = self.fget(obj)
  File "/home/sam.caasi/.conda/envs/mononphm/lib/python3.9/site-packages/OpenGL/platform/glx.py", line 109, in GetCurrentContext
    return self.GLX.glXGetCurrentContext
AttributeError: 'NoneType' object has no attribute 'glXGetCurrentContext'
srun: error: saliksik-gpu-10: task 0: Exited with exit code 1
Running inference for: 6362460185044046481_00028
Traceback (most recent call last):
  File "/scratch1/sam.caasi/models/MonoNPHM/scripts/inference/rec.py", line 7, in <module>
    from mononphm.photometric_tracking.tracking import track
  File "/scratch1/sam.caasi/models/MonoNPHM/src/mononphm/photometric_tracking/tracking.py", line 21, in <module>
    from mononphm.utils.render_utils import project_points_torch
  File "/scratch1/sam.caasi/models/MonoNPHM/src/mononphm/utils/render_utils.py", line 10, in <module>
    import OpenGL.GL
  File "/home/sam.caasi/.conda/envs/mononphm/lib/python3.9/site-packages/OpenGL/GL/__init__.py", line 4, in <module>
    from OpenGL.GL.VERSION.GL_1_1 import *
  File "/home/sam.caasi/.conda/envs/mononphm/lib/python3.9/site-packages/OpenGL/GL/VERSION/GL_1_1.py", line 14, in <module>
    from OpenGL.raw.GL.VERSION.GL_1_1 import *
  File "/home/sam.caasi/.conda/envs/mononphm/lib/python3.9/site-packages/OpenGL/raw/GL/VERSION/GL_1_1.py", line 7, in <module>
    from OpenGL.raw.GL import _errors
  File "/home/sam.caasi/.conda/envs/mononphm/lib/python3.9/site-packages/OpenGL/raw/GL/_errors.py", line 4, in <module>
    _error_checker = _ErrorChecker( _p, _p.GL.glGetError )
  File "src/errorchecker.pyx", line 21, in OpenGL_accelerate.errorchecker._ErrorChecker.__init__
  File "/home/sam.caasi/.conda/envs/mononphm/lib/python3.9/site-packages/OpenGL/platform/baseplatform.py", line 19, in __get__
    value = self.fget(obj)
  File "/home/sam.caasi/.conda/envs/mononphm/lib/python3.9/site-packages/OpenGL/platform/baseplatform.py", line 409, in CurrentContextIsValid
    return self.GetCurrentContext
  File "/home/sam.caasi/.conda/envs/mononphm/lib/python3.9/site-packages/OpenGL/platform/baseplatform.py", line 19, in __get__
    value = self.fget(obj)
  File "/home/sam.caasi/.conda/envs/mononphm/lib/python3.9/site-packages/OpenGL/platform/glx.py", line 109, in GetCurrentContext
    return self.GLX.glXGetCurrentContext
AttributeError: 'NoneType' object has no attribute 'glXGetCurrentContext'
srun: error: saliksik-gpu-10: task 0: Exited with exit code 1
Running inference for: 6362546513886688816_00002
Traceback (most recent call last):
  File "/scratch1/sam.caasi/models/MonoNPHM/scripts/inference/rec.py", line 7, in <module>
    from mononphm.photometric_tracking.tracking import track
  File "/scratch1/sam.caasi/models/MonoNPHM/src/mononphm/photometric_tracking/tracking.py", line 21, in <module>
    from mononphm.utils.render_utils import project_points_torch
  File "/scratch1/sam.caasi/models/MonoNPHM/src/mononphm/utils/render_utils.py", line 10, in <module>
    import OpenGL.GL
  File "/home/sam.caasi/.conda/envs/mononphm/lib/python3.9/site-packages/OpenGL/GL/__init__.py", line 4, in <module>
    from OpenGL.GL.VERSION.GL_1_1 import *
  File "/home/sam.caasi/.conda/envs/mononphm/lib/python3.9/site-packages/OpenGL/GL/VERSION/GL_1_1.py", line 14, in <module>
    from OpenGL.raw.GL.VERSION.GL_1_1 import *
  File "/home/sam.caasi/.conda/envs/mononphm/lib/python3.9/site-packages/OpenGL/raw/GL/VERSION/GL_1_1.py", line 7, in <module>
    from OpenGL.raw.GL import _errors
  File "/home/sam.caasi/.conda/envs/mononphm/lib/python3.9/site-packages/OpenGL/raw/GL/_errors.py", line 4, in <module>
    _error_checker = _ErrorChecker( _p, _p.GL.glGetError )
  File "src/errorchecker.pyx", line 21, in OpenGL_accelerate.errorchecker._ErrorChecker.__init__
  File "/home/sam.caasi/.conda/envs/mononphm/lib/python3.9/site-packages/OpenGL/platform/baseplatform.py", line 19, in __get__
    value = self.fget(obj)
  File "/home/sam.caasi/.conda/envs/mononphm/lib/python3.9/site-packages/OpenGL/platform/baseplatform.py", line 409, in CurrentContextIsValid
    return self.GetCurrentContext
  File "/home/sam.caasi/.conda/envs/mononphm/lib/python3.9/site-packages/OpenGL/platform/baseplatform.py", line 19, in __get__
    value = self.fget(obj)
  File "/home/sam.caasi/.conda/envs/mononphm/lib/python3.9/site-packages/OpenGL/platform/glx.py", line 109, in GetCurrentContext
    return self.GLX.glXGetCurrentContext
AttributeError: 'NoneType' object has no attribute 'glXGetCurrentContext'
srun: error: saliksik-gpu-10: task 0: Exited with exit code 1
Running inference for: 6362546513886688816_00003
Traceback (most recent call last):
  File "/scratch1/sam.caasi/models/MonoNPHM/scripts/inference/rec.py", line 7, in <module>
    from mononphm.photometric_tracking.tracking import track
  File "/scratch1/sam.caasi/models/MonoNPHM/src/mononphm/photometric_tracking/tracking.py", line 21, in <module>
    from mononphm.utils.render_utils import project_points_torch
  File "/scratch1/sam.caasi/models/MonoNPHM/src/mononphm/utils/render_utils.py", line 10, in <module>
    import OpenGL.GL
  File "/home/sam.caasi/.conda/envs/mononphm/lib/python3.9/site-packages/OpenGL/GL/__init__.py", line 4, in <module>
    from OpenGL.GL.VERSION.GL_1_1 import *
  File "/home/sam.caasi/.conda/envs/mononphm/lib/python3.9/site-packages/OpenGL/GL/VERSION/GL_1_1.py", line 14, in <module>
    from OpenGL.raw.GL.VERSION.GL_1_1 import *
  File "/home/sam.caasi/.conda/envs/mononphm/lib/python3.9/site-packages/OpenGL/raw/GL/VERSION/GL_1_1.py", line 7, in <module>
    from OpenGL.raw.GL import _errors
  File "/home/sam.caasi/.conda/envs/mononphm/lib/python3.9/site-packages/OpenGL/raw/GL/_errors.py", line 4, in <module>
    _error_checker = _ErrorChecker( _p, _p.GL.glGetError )
  File "src/errorchecker.pyx", line 21, in OpenGL_accelerate.errorchecker._ErrorChecker.__init__
  File "/home/sam.caasi/.conda/envs/mononphm/lib/python3.9/site-packages/OpenGL/platform/baseplatform.py", line 19, in __get__
    value = self.fget(obj)
  File "/home/sam.caasi/.conda/envs/mononphm/lib/python3.9/site-packages/OpenGL/platform/baseplatform.py", line 409, in CurrentContextIsValid
    return self.GetCurrentContext
  File "/home/sam.caasi/.conda/envs/mononphm/lib/python3.9/site-packages/OpenGL/platform/baseplatform.py", line 19, in __get__
    value = self.fget(obj)
  File "/home/sam.caasi/.conda/envs/mononphm/lib/python3.9/site-packages/OpenGL/platform/glx.py", line 109, in GetCurrentContext
    return self.GLX.glXGetCurrentContext
AttributeError: 'NoneType' object has no attribute 'glXGetCurrentContext'
srun: error: saliksik-gpu-10: task 0: Exited with exit code 1
Running inference for: 6362546513886688816_00004
Traceback (most recent call last):
  File "/scratch1/sam.caasi/models/MonoNPHM/scripts/inference/rec.py", line 7, in <module>
    from mononphm.photometric_tracking.tracking import track
  File "/scratch1/sam.caasi/models/MonoNPHM/src/mononphm/photometric_tracking/tracking.py", line 21, in <module>
    from mononphm.utils.render_utils import project_points_torch
  File "/scratch1/sam.caasi/models/MonoNPHM/src/mononphm/utils/render_utils.py", line 10, in <module>
    import OpenGL.GL
  File "/home/sam.caasi/.conda/envs/mononphm/lib/python3.9/site-packages/OpenGL/GL/__init__.py", line 4, in <module>
    from OpenGL.GL.VERSION.GL_1_1 import *
  File "/home/sam.caasi/.conda/envs/mononphm/lib/python3.9/site-packages/OpenGL/GL/VERSION/GL_1_1.py", line 14, in <module>
    from OpenGL.raw.GL.VERSION.GL_1_1 import *
  File "/home/sam.caasi/.conda/envs/mononphm/lib/python3.9/site-packages/OpenGL/raw/GL/VERSION/GL_1_1.py", line 7, in <module>
    from OpenGL.raw.GL import _errors
  File "/home/sam.caasi/.conda/envs/mononphm/lib/python3.9/site-packages/OpenGL/raw/GL/_errors.py", line 4, in <module>
    _error_checker = _ErrorChecker( _p, _p.GL.glGetError )
  File "src/errorchecker.pyx", line 21, in OpenGL_accelerate.errorchecker._ErrorChecker.__init__
  File "/home/sam.caasi/.conda/envs/mononphm/lib/python3.9/site-packages/OpenGL/platform/baseplatform.py", line 19, in __get__
    value = self.fget(obj)
  File "/home/sam.caasi/.conda/envs/mononphm/lib/python3.9/site-packages/OpenGL/platform/baseplatform.py", line 409, in CurrentContextIsValid
    return self.GetCurrentContext
  File "/home/sam.caasi/.conda/envs/mononphm/lib/python3.9/site-packages/OpenGL/platform/baseplatform.py", line 19, in __get__
    value = self.fget(obj)
  File "/home/sam.caasi/.conda/envs/mononphm/lib/python3.9/site-packages/OpenGL/platform/glx.py", line 109, in GetCurrentContext
    return self.GLX.glXGetCurrentContext
AttributeError: 'NoneType' object has no attribute 'glXGetCurrentContext'
srun: error: saliksik-gpu-10: task 0: Exited with exit code 1
Running inference for: 6362546513886688816_00008
Traceback (most recent call last):
  File "/scratch1/sam.caasi/models/MonoNPHM/scripts/inference/rec.py", line 7, in <module>
    from mononphm.photometric_tracking.tracking import track
  File "/scratch1/sam.caasi/models/MonoNPHM/src/mononphm/photometric_tracking/tracking.py", line 21, in <module>
    from mononphm.utils.render_utils import project_points_torch
  File "/scratch1/sam.caasi/models/MonoNPHM/src/mononphm/utils/render_utils.py", line 10, in <module>
    import OpenGL.GL
  File "/home/sam.caasi/.conda/envs/mononphm/lib/python3.9/site-packages/OpenGL/GL/__init__.py", line 4, in <module>
    from OpenGL.GL.VERSION.GL_1_1 import *
  File "/home/sam.caasi/.conda/envs/mononphm/lib/python3.9/site-packages/OpenGL/GL/VERSION/GL_1_1.py", line 14, in <module>
    from OpenGL.raw.GL.VERSION.GL_1_1 import *
  File "/home/sam.caasi/.conda/envs/mononphm/lib/python3.9/site-packages/OpenGL/raw/GL/VERSION/GL_1_1.py", line 7, in <module>
    from OpenGL.raw.GL import _errors
  File "/home/sam.caasi/.conda/envs/mononphm/lib/python3.9/site-packages/OpenGL/raw/GL/_errors.py", line 4, in <module>
    _error_checker = _ErrorChecker( _p, _p.GL.glGetError )
  File "src/errorchecker.pyx", line 21, in OpenGL_accelerate.errorchecker._ErrorChecker.__init__
  File "/home/sam.caasi/.conda/envs/mononphm/lib/python3.9/site-packages/OpenGL/platform/baseplatform.py", line 19, in __get__
    value = self.fget(obj)
  File "/home/sam.caasi/.conda/envs/mononphm/lib/python3.9/site-packages/OpenGL/platform/baseplatform.py", line 409, in CurrentContextIsValid
    return self.GetCurrentContext
  File "/home/sam.caasi/.conda/envs/mononphm/lib/python3.9/site-packages/OpenGL/platform/baseplatform.py", line 19, in __get__
    value = self.fget(obj)
  File "/home/sam.caasi/.conda/envs/mononphm/lib/python3.9/site-packages/OpenGL/platform/glx.py", line 109, in GetCurrentContext
    return self.GLX.glXGetCurrentContext
AttributeError: 'NoneType' object has no attribute 'glXGetCurrentContext'
srun: error: saliksik-gpu-10: task 0: Exited with exit code 1
Running inference for: 6362726902513062509_00003
Traceback (most recent call last):
  File "/scratch1/sam.caasi/models/MonoNPHM/scripts/inference/rec.py", line 7, in <module>
    from mononphm.photometric_tracking.tracking import track
  File "/scratch1/sam.caasi/models/MonoNPHM/src/mononphm/photometric_tracking/tracking.py", line 21, in <module>
    from mononphm.utils.render_utils import project_points_torch
  File "/scratch1/sam.caasi/models/MonoNPHM/src/mononphm/utils/render_utils.py", line 10, in <module>
    import OpenGL.GL
  File "/home/sam.caasi/.conda/envs/mononphm/lib/python3.9/site-packages/OpenGL/GL/__init__.py", line 4, in <module>
    from OpenGL.GL.VERSION.GL_1_1 import *
  File "/home/sam.caasi/.conda/envs/mononphm/lib/python3.9/site-packages/OpenGL/GL/VERSION/GL_1_1.py", line 14, in <module>
    from OpenGL.raw.GL.VERSION.GL_1_1 import *
  File "/home/sam.caasi/.conda/envs/mononphm/lib/python3.9/site-packages/OpenGL/raw/GL/VERSION/GL_1_1.py", line 7, in <module>
    from OpenGL.raw.GL import _errors
  File "/home/sam.caasi/.conda/envs/mononphm/lib/python3.9/site-packages/OpenGL/raw/GL/_errors.py", line 4, in <module>
    _error_checker = _ErrorChecker( _p, _p.GL.glGetError )
  File "src/errorchecker.pyx", line 21, in OpenGL_accelerate.errorchecker._ErrorChecker.__init__
  File "/home/sam.caasi/.conda/envs/mononphm/lib/python3.9/site-packages/OpenGL/platform/baseplatform.py", line 19, in __get__
    value = self.fget(obj)
  File "/home/sam.caasi/.conda/envs/mononphm/lib/python3.9/site-packages/OpenGL/platform/baseplatform.py", line 409, in CurrentContextIsValid
    return self.GetCurrentContext
  File "/home/sam.caasi/.conda/envs/mononphm/lib/python3.9/site-packages/OpenGL/platform/baseplatform.py", line 19, in __get__
    value = self.fget(obj)
  File "/home/sam.caasi/.conda/envs/mononphm/lib/python3.9/site-packages/OpenGL/platform/glx.py", line 109, in GetCurrentContext
    return self.GLX.glXGetCurrentContext
AttributeError: 'NoneType' object has no attribute 'glXGetCurrentContext'
srun: error: saliksik-gpu-10: task 0: Exited with exit code 1
Running inference for: 6362726902513062509_00014
Traceback (most recent call last):
  File "/scratch1/sam.caasi/models/MonoNPHM/scripts/inference/rec.py", line 7, in <module>
    from mononphm.photometric_tracking.tracking import track
  File "/scratch1/sam.caasi/models/MonoNPHM/src/mononphm/photometric_tracking/tracking.py", line 21, in <module>
    from mononphm.utils.render_utils import project_points_torch
  File "/scratch1/sam.caasi/models/MonoNPHM/src/mononphm/utils/render_utils.py", line 10, in <module>
    import OpenGL.GL
  File "/home/sam.caasi/.conda/envs/mononphm/lib/python3.9/site-packages/OpenGL/GL/__init__.py", line 4, in <module>
    from OpenGL.GL.VERSION.GL_1_1 import *
  File "/home/sam.caasi/.conda/envs/mononphm/lib/python3.9/site-packages/OpenGL/GL/VERSION/GL_1_1.py", line 14, in <module>
    from OpenGL.raw.GL.VERSION.GL_1_1 import *
  File "/home/sam.caasi/.conda/envs/mononphm/lib/python3.9/site-packages/OpenGL/raw/GL/VERSION/GL_1_1.py", line 7, in <module>
    from OpenGL.raw.GL import _errors
  File "/home/sam.caasi/.conda/envs/mononphm/lib/python3.9/site-packages/OpenGL/raw/GL/_errors.py", line 4, in <module>
    _error_checker = _ErrorChecker( _p, _p.GL.glGetError )
  File "src/errorchecker.pyx", line 21, in OpenGL_accelerate.errorchecker._ErrorChecker.__init__
  File "/home/sam.caasi/.conda/envs/mononphm/lib/python3.9/site-packages/OpenGL/platform/baseplatform.py", line 19, in __get__
    value = self.fget(obj)
  File "/home/sam.caasi/.conda/envs/mononphm/lib/python3.9/site-packages/OpenGL/platform/baseplatform.py", line 409, in CurrentContextIsValid
    return self.GetCurrentContext
  File "/home/sam.caasi/.conda/envs/mononphm/lib/python3.9/site-packages/OpenGL/platform/baseplatform.py", line 19, in __get__
    value = self.fget(obj)
  File "/home/sam.caasi/.conda/envs/mononphm/lib/python3.9/site-packages/OpenGL/platform/glx.py", line 109, in GetCurrentContext
    return self.GLX.glXGetCurrentContext
AttributeError: 'NoneType' object has no attribute 'glXGetCurrentContext'
srun: error: saliksik-gpu-10: task 0: Exited with exit code 1
Running inference for: 6362913733590438579_00001
Traceback (most recent call last):
  File "/scratch1/sam.caasi/models/MonoNPHM/scripts/inference/rec.py", line 7, in <module>
    from mononphm.photometric_tracking.tracking import track
  File "/scratch1/sam.caasi/models/MonoNPHM/src/mononphm/photometric_tracking/tracking.py", line 21, in <module>
    from mononphm.utils.render_utils import project_points_torch
  File "/scratch1/sam.caasi/models/MonoNPHM/src/mononphm/utils/render_utils.py", line 10, in <module>
    import OpenGL.GL
  File "/home/sam.caasi/.conda/envs/mononphm/lib/python3.9/site-packages/OpenGL/GL/__init__.py", line 4, in <module>
    from OpenGL.GL.VERSION.GL_1_1 import *
  File "/home/sam.caasi/.conda/envs/mononphm/lib/python3.9/site-packages/OpenGL/GL/VERSION/GL_1_1.py", line 14, in <module>
    from OpenGL.raw.GL.VERSION.GL_1_1 import *
  File "/home/sam.caasi/.conda/envs/mononphm/lib/python3.9/site-packages/OpenGL/raw/GL/VERSION/GL_1_1.py", line 7, in <module>
    from OpenGL.raw.GL import _errors
  File "/home/sam.caasi/.conda/envs/mononphm/lib/python3.9/site-packages/OpenGL/raw/GL/_errors.py", line 4, in <module>
    _error_checker = _ErrorChecker( _p, _p.GL.glGetError )
  File "src/errorchecker.pyx", line 21, in OpenGL_accelerate.errorchecker._ErrorChecker.__init__
  File "/home/sam.caasi/.conda/envs/mononphm/lib/python3.9/site-packages/OpenGL/platform/baseplatform.py", line 19, in __get__
    value = self.fget(obj)
  File "/home/sam.caasi/.conda/envs/mononphm/lib/python3.9/site-packages/OpenGL/platform/baseplatform.py", line 409, in CurrentContextIsValid
    return self.GetCurrentContext
  File "/home/sam.caasi/.conda/envs/mononphm/lib/python3.9/site-packages/OpenGL/platform/baseplatform.py", line 19, in __get__
    value = self.fget(obj)
  File "/home/sam.caasi/.conda/envs/mononphm/lib/python3.9/site-packages/OpenGL/platform/glx.py", line 109, in GetCurrentContext
    return self.GLX.glXGetCurrentContext
AttributeError: 'NoneType' object has no attribute 'glXGetCurrentContext'
srun: error: saliksik-gpu-10: task 0: Exited with exit code 1
Running inference for: 6362913733590438579_00002
Traceback (most recent call last):
  File "/scratch1/sam.caasi/models/MonoNPHM/scripts/inference/rec.py", line 7, in <module>
    from mononphm.photometric_tracking.tracking import track
  File "/scratch1/sam.caasi/models/MonoNPHM/src/mononphm/photometric_tracking/tracking.py", line 21, in <module>
    from mononphm.utils.render_utils import project_points_torch
  File "/scratch1/sam.caasi/models/MonoNPHM/src/mononphm/utils/render_utils.py", line 10, in <module>
    import OpenGL.GL
  File "/home/sam.caasi/.conda/envs/mononphm/lib/python3.9/site-packages/OpenGL/GL/__init__.py", line 4, in <module>
    from OpenGL.GL.VERSION.GL_1_1 import *
  File "/home/sam.caasi/.conda/envs/mononphm/lib/python3.9/site-packages/OpenGL/GL/VERSION/GL_1_1.py", line 14, in <module>
    from OpenGL.raw.GL.VERSION.GL_1_1 import *
  File "/home/sam.caasi/.conda/envs/mononphm/lib/python3.9/site-packages/OpenGL/raw/GL/VERSION/GL_1_1.py", line 7, in <module>
    from OpenGL.raw.GL import _errors
  File "/home/sam.caasi/.conda/envs/mononphm/lib/python3.9/site-packages/OpenGL/raw/GL/_errors.py", line 4, in <module>
    _error_checker = _ErrorChecker( _p, _p.GL.glGetError )
  File "src/errorchecker.pyx", line 21, in OpenGL_accelerate.errorchecker._ErrorChecker.__init__
  File "/home/sam.caasi/.conda/envs/mononphm/lib/python3.9/site-packages/OpenGL/platform/baseplatform.py", line 19, in __get__
    value = self.fget(obj)
  File "/home/sam.caasi/.conda/envs/mononphm/lib/python3.9/site-packages/OpenGL/platform/baseplatform.py", line 409, in CurrentContextIsValid
    return self.GetCurrentContext
  File "/home/sam.caasi/.conda/envs/mononphm/lib/python3.9/site-packages/OpenGL/platform/baseplatform.py", line 19, in __get__
    value = self.fget(obj)
  File "/home/sam.caasi/.conda/envs/mononphm/lib/python3.9/site-packages/OpenGL/platform/glx.py", line 109, in GetCurrentContext
    return self.GLX.glXGetCurrentContext
AttributeError: 'NoneType' object has no attribute 'glXGetCurrentContext'
srun: error: saliksik-gpu-10: task 0: Exited with exit code 1
Running inference for: 6362913733590438579_00010
Traceback (most recent call last):
  File "/scratch1/sam.caasi/models/MonoNPHM/scripts/inference/rec.py", line 7, in <module>
    from mononphm.photometric_tracking.tracking import track
  File "/scratch1/sam.caasi/models/MonoNPHM/src/mononphm/photometric_tracking/tracking.py", line 21, in <module>
    from mononphm.utils.render_utils import project_points_torch
  File "/scratch1/sam.caasi/models/MonoNPHM/src/mononphm/utils/render_utils.py", line 10, in <module>
    import OpenGL.GL
  File "/home/sam.caasi/.conda/envs/mononphm/lib/python3.9/site-packages/OpenGL/GL/__init__.py", line 4, in <module>
    from OpenGL.GL.VERSION.GL_1_1 import *
  File "/home/sam.caasi/.conda/envs/mononphm/lib/python3.9/site-packages/OpenGL/GL/VERSION/GL_1_1.py", line 14, in <module>
    from OpenGL.raw.GL.VERSION.GL_1_1 import *
  File "/home/sam.caasi/.conda/envs/mononphm/lib/python3.9/site-packages/OpenGL/raw/GL/VERSION/GL_1_1.py", line 7, in <module>
    from OpenGL.raw.GL import _errors
  File "/home/sam.caasi/.conda/envs/mononphm/lib/python3.9/site-packages/OpenGL/raw/GL/_errors.py", line 4, in <module>
    _error_checker = _ErrorChecker( _p, _p.GL.glGetError )
  File "src/errorchecker.pyx", line 21, in OpenGL_accelerate.errorchecker._ErrorChecker.__init__
  File "/home/sam.caasi/.conda/envs/mononphm/lib/python3.9/site-packages/OpenGL/platform/baseplatform.py", line 19, in __get__
    value = self.fget(obj)
  File "/home/sam.caasi/.conda/envs/mononphm/lib/python3.9/site-packages/OpenGL/platform/baseplatform.py", line 409, in CurrentContextIsValid
    return self.GetCurrentContext
  File "/home/sam.caasi/.conda/envs/mononphm/lib/python3.9/site-packages/OpenGL/platform/baseplatform.py", line 19, in __get__
    value = self.fget(obj)
  File "/home/sam.caasi/.conda/envs/mononphm/lib/python3.9/site-packages/OpenGL/platform/glx.py", line 109, in GetCurrentContext
    return self.GLX.glXGetCurrentContext
AttributeError: 'NoneType' object has no attribute 'glXGetCurrentContext'
srun: error: saliksik-gpu-10: task 0: Exited with exit code 1
Running inference for: 6362913733590438579_00044
Traceback (most recent call last):
  File "/scratch1/sam.caasi/models/MonoNPHM/scripts/inference/rec.py", line 7, in <module>
    from mononphm.photometric_tracking.tracking import track
  File "/scratch1/sam.caasi/models/MonoNPHM/src/mononphm/photometric_tracking/tracking.py", line 21, in <module>
    from mononphm.utils.render_utils import project_points_torch
  File "/scratch1/sam.caasi/models/MonoNPHM/src/mononphm/utils/render_utils.py", line 10, in <module>
    import OpenGL.GL
  File "/home/sam.caasi/.conda/envs/mononphm/lib/python3.9/site-packages/OpenGL/GL/__init__.py", line 4, in <module>
    from OpenGL.GL.VERSION.GL_1_1 import *
  File "/home/sam.caasi/.conda/envs/mononphm/lib/python3.9/site-packages/OpenGL/GL/VERSION/GL_1_1.py", line 14, in <module>
    from OpenGL.raw.GL.VERSION.GL_1_1 import *
  File "/home/sam.caasi/.conda/envs/mononphm/lib/python3.9/site-packages/OpenGL/raw/GL/VERSION/GL_1_1.py", line 7, in <module>
    from OpenGL.raw.GL import _errors
  File "/home/sam.caasi/.conda/envs/mononphm/lib/python3.9/site-packages/OpenGL/raw/GL/_errors.py", line 4, in <module>
    _error_checker = _ErrorChecker( _p, _p.GL.glGetError )
  File "src/errorchecker.pyx", line 21, in OpenGL_accelerate.errorchecker._ErrorChecker.__init__
  File "/home/sam.caasi/.conda/envs/mononphm/lib/python3.9/site-packages/OpenGL/platform/baseplatform.py", line 19, in __get__
    value = self.fget(obj)
  File "/home/sam.caasi/.conda/envs/mononphm/lib/python3.9/site-packages/OpenGL/platform/baseplatform.py", line 409, in CurrentContextIsValid
    return self.GetCurrentContext
  File "/home/sam.caasi/.conda/envs/mononphm/lib/python3.9/site-packages/OpenGL/platform/baseplatform.py", line 19, in __get__
    value = self.fget(obj)
  File "/home/sam.caasi/.conda/envs/mononphm/lib/python3.9/site-packages/OpenGL/platform/glx.py", line 109, in GetCurrentContext
    return self.GLX.glXGetCurrentContext
AttributeError: 'NoneType' object has no attribute 'glXGetCurrentContext'
srun: error: saliksik-gpu-10: task 0: Exited with exit code 1
Running inference for: 6362913733590438579_00048
Traceback (most recent call last):
  File "/scratch1/sam.caasi/models/MonoNPHM/scripts/inference/rec.py", line 7, in <module>
    from mononphm.photometric_tracking.tracking import track
  File "/scratch1/sam.caasi/models/MonoNPHM/src/mononphm/photometric_tracking/tracking.py", line 21, in <module>
    from mononphm.utils.render_utils import project_points_torch
  File "/scratch1/sam.caasi/models/MonoNPHM/src/mononphm/utils/render_utils.py", line 10, in <module>
    import OpenGL.GL
  File "/home/sam.caasi/.conda/envs/mononphm/lib/python3.9/site-packages/OpenGL/GL/__init__.py", line 4, in <module>
    from OpenGL.GL.VERSION.GL_1_1 import *
  File "/home/sam.caasi/.conda/envs/mononphm/lib/python3.9/site-packages/OpenGL/GL/VERSION/GL_1_1.py", line 14, in <module>
    from OpenGL.raw.GL.VERSION.GL_1_1 import *
  File "/home/sam.caasi/.conda/envs/mononphm/lib/python3.9/site-packages/OpenGL/raw/GL/VERSION/GL_1_1.py", line 7, in <module>
    from OpenGL.raw.GL import _errors
  File "/home/sam.caasi/.conda/envs/mononphm/lib/python3.9/site-packages/OpenGL/raw/GL/_errors.py", line 4, in <module>
    _error_checker = _ErrorChecker( _p, _p.GL.glGetError )
  File "src/errorchecker.pyx", line 21, in OpenGL_accelerate.errorchecker._ErrorChecker.__init__
  File "/home/sam.caasi/.conda/envs/mononphm/lib/python3.9/site-packages/OpenGL/platform/baseplatform.py", line 19, in __get__
    value = self.fget(obj)
  File "/home/sam.caasi/.conda/envs/mononphm/lib/python3.9/site-packages/OpenGL/platform/baseplatform.py", line 409, in CurrentContextIsValid
    return self.GetCurrentContext
  File "/home/sam.caasi/.conda/envs/mononphm/lib/python3.9/site-packages/OpenGL/platform/baseplatform.py", line 19, in __get__
    value = self.fget(obj)
  File "/home/sam.caasi/.conda/envs/mononphm/lib/python3.9/site-packages/OpenGL/platform/glx.py", line 109, in GetCurrentContext
    return self.GLX.glXGetCurrentContext
AttributeError: 'NoneType' object has no attribute 'glXGetCurrentContext'
srun: error: saliksik-gpu-10: task 0: Exited with exit code 1
Running inference for: 6362913733590438579_00051
Traceback (most recent call last):
  File "/scratch1/sam.caasi/models/MonoNPHM/scripts/inference/rec.py", line 7, in <module>
    from mononphm.photometric_tracking.tracking import track
  File "/scratch1/sam.caasi/models/MonoNPHM/src/mononphm/photometric_tracking/tracking.py", line 21, in <module>
    from mononphm.utils.render_utils import project_points_torch
  File "/scratch1/sam.caasi/models/MonoNPHM/src/mononphm/utils/render_utils.py", line 10, in <module>
    import OpenGL.GL
  File "/home/sam.caasi/.conda/envs/mononphm/lib/python3.9/site-packages/OpenGL/GL/__init__.py", line 4, in <module>
    from OpenGL.GL.VERSION.GL_1_1 import *
  File "/home/sam.caasi/.conda/envs/mononphm/lib/python3.9/site-packages/OpenGL/GL/VERSION/GL_1_1.py", line 14, in <module>
    from OpenGL.raw.GL.VERSION.GL_1_1 import *
  File "/home/sam.caasi/.conda/envs/mononphm/lib/python3.9/site-packages/OpenGL/raw/GL/VERSION/GL_1_1.py", line 7, in <module>
    from OpenGL.raw.GL import _errors
  File "/home/sam.caasi/.conda/envs/mononphm/lib/python3.9/site-packages/OpenGL/raw/GL/_errors.py", line 4, in <module>
    _error_checker = _ErrorChecker( _p, _p.GL.glGetError )
  File "src/errorchecker.pyx", line 21, in OpenGL_accelerate.errorchecker._ErrorChecker.__init__
  File "/home/sam.caasi/.conda/envs/mononphm/lib/python3.9/site-packages/OpenGL/platform/baseplatform.py", line 19, in __get__
    value = self.fget(obj)
  File "/home/sam.caasi/.conda/envs/mononphm/lib/python3.9/site-packages/OpenGL/platform/baseplatform.py", line 409, in CurrentContextIsValid
    return self.GetCurrentContext
  File "/home/sam.caasi/.conda/envs/mononphm/lib/python3.9/site-packages/OpenGL/platform/baseplatform.py", line 19, in __get__
    value = self.fget(obj)
  File "/home/sam.caasi/.conda/envs/mononphm/lib/python3.9/site-packages/OpenGL/platform/glx.py", line 109, in GetCurrentContext
    return self.GLX.glXGetCurrentContext
AttributeError: 'NoneType' object has no attribute 'glXGetCurrentContext'
srun: error: saliksik-gpu-10: task 0: Exited with exit code 1
Running inference for: 6362913733590438579_00055
Traceback (most recent call last):
  File "/scratch1/sam.caasi/models/MonoNPHM/scripts/inference/rec.py", line 7, in <module>
    from mononphm.photometric_tracking.tracking import track
  File "/scratch1/sam.caasi/models/MonoNPHM/src/mononphm/photometric_tracking/tracking.py", line 21, in <module>
    from mononphm.utils.render_utils import project_points_torch
  File "/scratch1/sam.caasi/models/MonoNPHM/src/mononphm/utils/render_utils.py", line 10, in <module>
    import OpenGL.GL
  File "/home/sam.caasi/.conda/envs/mononphm/lib/python3.9/site-packages/OpenGL/GL/__init__.py", line 4, in <module>
    from OpenGL.GL.VERSION.GL_1_1 import *
  File "/home/sam.caasi/.conda/envs/mononphm/lib/python3.9/site-packages/OpenGL/GL/VERSION/GL_1_1.py", line 14, in <module>
    from OpenGL.raw.GL.VERSION.GL_1_1 import *
  File "/home/sam.caasi/.conda/envs/mononphm/lib/python3.9/site-packages/OpenGL/raw/GL/VERSION/GL_1_1.py", line 7, in <module>
    from OpenGL.raw.GL import _errors
  File "/home/sam.caasi/.conda/envs/mononphm/lib/python3.9/site-packages/OpenGL/raw/GL/_errors.py", line 4, in <module>
    _error_checker = _ErrorChecker( _p, _p.GL.glGetError )
  File "src/errorchecker.pyx", line 21, in OpenGL_accelerate.errorchecker._ErrorChecker.__init__
  File "/home/sam.caasi/.conda/envs/mononphm/lib/python3.9/site-packages/OpenGL/platform/baseplatform.py", line 19, in __get__
    value = self.fget(obj)
  File "/home/sam.caasi/.conda/envs/mononphm/lib/python3.9/site-packages/OpenGL/platform/baseplatform.py", line 409, in CurrentContextIsValid
    return self.GetCurrentContext
  File "/home/sam.caasi/.conda/envs/mononphm/lib/python3.9/site-packages/OpenGL/platform/baseplatform.py", line 19, in __get__
    value = self.fget(obj)
  File "/home/sam.caasi/.conda/envs/mononphm/lib/python3.9/site-packages/OpenGL/platform/glx.py", line 109, in GetCurrentContext
    return self.GLX.glXGetCurrentContext
AttributeError: 'NoneType' object has no attribute 'glXGetCurrentContext'
srun: error: saliksik-gpu-10: task 0: Exited with exit code 1
Running inference for: 6362913733590438579_00057
Traceback (most recent call last):
  File "/scratch1/sam.caasi/models/MonoNPHM/scripts/inference/rec.py", line 7, in <module>
    from mononphm.photometric_tracking.tracking import track
  File "/scratch1/sam.caasi/models/MonoNPHM/src/mononphm/photometric_tracking/tracking.py", line 21, in <module>
    from mononphm.utils.render_utils import project_points_torch
  File "/scratch1/sam.caasi/models/MonoNPHM/src/mononphm/utils/render_utils.py", line 10, in <module>
    import OpenGL.GL
  File "/home/sam.caasi/.conda/envs/mononphm/lib/python3.9/site-packages/OpenGL/GL/__init__.py", line 4, in <module>
    from OpenGL.GL.VERSION.GL_1_1 import *
  File "/home/sam.caasi/.conda/envs/mononphm/lib/python3.9/site-packages/OpenGL/GL/VERSION/GL_1_1.py", line 14, in <module>
    from OpenGL.raw.GL.VERSION.GL_1_1 import *
  File "/home/sam.caasi/.conda/envs/mononphm/lib/python3.9/site-packages/OpenGL/raw/GL/VERSION/GL_1_1.py", line 7, in <module>
    from OpenGL.raw.GL import _errors
  File "/home/sam.caasi/.conda/envs/mononphm/lib/python3.9/site-packages/OpenGL/raw/GL/_errors.py", line 4, in <module>
    _error_checker = _ErrorChecker( _p, _p.GL.glGetError )
  File "src/errorchecker.pyx", line 21, in OpenGL_accelerate.errorchecker._ErrorChecker.__init__
  File "/home/sam.caasi/.conda/envs/mononphm/lib/python3.9/site-packages/OpenGL/platform/baseplatform.py", line 19, in __get__
    value = self.fget(obj)
  File "/home/sam.caasi/.conda/envs/mononphm/lib/python3.9/site-packages/OpenGL/platform/baseplatform.py", line 409, in CurrentContextIsValid
    return self.GetCurrentContext
  File "/home/sam.caasi/.conda/envs/mononphm/lib/python3.9/site-packages/OpenGL/platform/baseplatform.py", line 19, in __get__
    value = self.fget(obj)
  File "/home/sam.caasi/.conda/envs/mononphm/lib/python3.9/site-packages/OpenGL/platform/glx.py", line 109, in GetCurrentContext
    return self.GLX.glXGetCurrentContext
AttributeError: 'NoneType' object has no attribute 'glXGetCurrentContext'
srun: error: saliksik-gpu-10: task 0: Exited with exit code 1
Running inference for: 6362913733590438579_00065
Traceback (most recent call last):
  File "/scratch1/sam.caasi/models/MonoNPHM/scripts/inference/rec.py", line 7, in <module>
    from mononphm.photometric_tracking.tracking import track
  File "/scratch1/sam.caasi/models/MonoNPHM/src/mononphm/photometric_tracking/tracking.py", line 21, in <module>
    from mononphm.utils.render_utils import project_points_torch
  File "/scratch1/sam.caasi/models/MonoNPHM/src/mononphm/utils/render_utils.py", line 10, in <module>
    import OpenGL.GL
  File "/home/sam.caasi/.conda/envs/mononphm/lib/python3.9/site-packages/OpenGL/GL/__init__.py", line 4, in <module>
    from OpenGL.GL.VERSION.GL_1_1 import *
  File "/home/sam.caasi/.conda/envs/mononphm/lib/python3.9/site-packages/OpenGL/GL/VERSION/GL_1_1.py", line 14, in <module>
    from OpenGL.raw.GL.VERSION.GL_1_1 import *
  File "/home/sam.caasi/.conda/envs/mononphm/lib/python3.9/site-packages/OpenGL/raw/GL/VERSION/GL_1_1.py", line 7, in <module>
    from OpenGL.raw.GL import _errors
  File "/home/sam.caasi/.conda/envs/mononphm/lib/python3.9/site-packages/OpenGL/raw/GL/_errors.py", line 4, in <module>
    _error_checker = _ErrorChecker( _p, _p.GL.glGetError )
  File "src/errorchecker.pyx", line 21, in OpenGL_accelerate.errorchecker._ErrorChecker.__init__
  File "/home/sam.caasi/.conda/envs/mononphm/lib/python3.9/site-packages/OpenGL/platform/baseplatform.py", line 19, in __get__
    value = self.fget(obj)
  File "/home/sam.caasi/.conda/envs/mononphm/lib/python3.9/site-packages/OpenGL/platform/baseplatform.py", line 409, in CurrentContextIsValid
    return self.GetCurrentContext
  File "/home/sam.caasi/.conda/envs/mononphm/lib/python3.9/site-packages/OpenGL/platform/baseplatform.py", line 19, in __get__
    value = self.fget(obj)
  File "/home/sam.caasi/.conda/envs/mononphm/lib/python3.9/site-packages/OpenGL/platform/glx.py", line 109, in GetCurrentContext
    return self.GLX.glXGetCurrentContext
AttributeError: 'NoneType' object has no attribute 'glXGetCurrentContext'
srun: error: saliksik-gpu-10: task 0: Exited with exit code 1
Running inference for: 6362913733590438579_00078
Traceback (most recent call last):
  File "/scratch1/sam.caasi/models/MonoNPHM/scripts/inference/rec.py", line 7, in <module>
    from mononphm.photometric_tracking.tracking import track
  File "/scratch1/sam.caasi/models/MonoNPHM/src/mononphm/photometric_tracking/tracking.py", line 21, in <module>
    from mononphm.utils.render_utils import project_points_torch
  File "/scratch1/sam.caasi/models/MonoNPHM/src/mononphm/utils/render_utils.py", line 10, in <module>
    import OpenGL.GL
  File "/home/sam.caasi/.conda/envs/mononphm/lib/python3.9/site-packages/OpenGL/GL/__init__.py", line 4, in <module>
    from OpenGL.GL.VERSION.GL_1_1 import *
  File "/home/sam.caasi/.conda/envs/mononphm/lib/python3.9/site-packages/OpenGL/GL/VERSION/GL_1_1.py", line 14, in <module>
    from OpenGL.raw.GL.VERSION.GL_1_1 import *
  File "/home/sam.caasi/.conda/envs/mononphm/lib/python3.9/site-packages/OpenGL/raw/GL/VERSION/GL_1_1.py", line 7, in <module>
    from OpenGL.raw.GL import _errors
  File "/home/sam.caasi/.conda/envs/mononphm/lib/python3.9/site-packages/OpenGL/raw/GL/_errors.py", line 4, in <module>
    _error_checker = _ErrorChecker( _p, _p.GL.glGetError )
  File "src/errorchecker.pyx", line 21, in OpenGL_accelerate.errorchecker._ErrorChecker.__init__
  File "/home/sam.caasi/.conda/envs/mononphm/lib/python3.9/site-packages/OpenGL/platform/baseplatform.py", line 19, in __get__
    value = self.fget(obj)
  File "/home/sam.caasi/.conda/envs/mononphm/lib/python3.9/site-packages/OpenGL/platform/baseplatform.py", line 409, in CurrentContextIsValid
    return self.GetCurrentContext
  File "/home/sam.caasi/.conda/envs/mononphm/lib/python3.9/site-packages/OpenGL/platform/baseplatform.py", line 19, in __get__
    value = self.fget(obj)
  File "/home/sam.caasi/.conda/envs/mononphm/lib/python3.9/site-packages/OpenGL/platform/glx.py", line 109, in GetCurrentContext
    return self.GLX.glXGetCurrentContext
AttributeError: 'NoneType' object has no attribute 'glXGetCurrentContext'
srun: error: saliksik-gpu-10: task 0: Exited with exit code 1
Running inference for: 6362913733590438579_00082
Traceback (most recent call last):
  File "/scratch1/sam.caasi/models/MonoNPHM/scripts/inference/rec.py", line 7, in <module>
    from mononphm.photometric_tracking.tracking import track
  File "/scratch1/sam.caasi/models/MonoNPHM/src/mononphm/photometric_tracking/tracking.py", line 21, in <module>
    from mononphm.utils.render_utils import project_points_torch
  File "/scratch1/sam.caasi/models/MonoNPHM/src/mononphm/utils/render_utils.py", line 10, in <module>
    import OpenGL.GL
  File "/home/sam.caasi/.conda/envs/mononphm/lib/python3.9/site-packages/OpenGL/GL/__init__.py", line 4, in <module>
    from OpenGL.GL.VERSION.GL_1_1 import *
  File "/home/sam.caasi/.conda/envs/mononphm/lib/python3.9/site-packages/OpenGL/GL/VERSION/GL_1_1.py", line 14, in <module>
    from OpenGL.raw.GL.VERSION.GL_1_1 import *
  File "/home/sam.caasi/.conda/envs/mononphm/lib/python3.9/site-packages/OpenGL/raw/GL/VERSION/GL_1_1.py", line 7, in <module>
    from OpenGL.raw.GL import _errors
  File "/home/sam.caasi/.conda/envs/mononphm/lib/python3.9/site-packages/OpenGL/raw/GL/_errors.py", line 4, in <module>
    _error_checker = _ErrorChecker( _p, _p.GL.glGetError )
  File "src/errorchecker.pyx", line 21, in OpenGL_accelerate.errorchecker._ErrorChecker.__init__
  File "/home/sam.caasi/.conda/envs/mononphm/lib/python3.9/site-packages/OpenGL/platform/baseplatform.py", line 19, in __get__
    value = self.fget(obj)
  File "/home/sam.caasi/.conda/envs/mononphm/lib/python3.9/site-packages/OpenGL/platform/baseplatform.py", line 409, in CurrentContextIsValid
    return self.GetCurrentContext
  File "/home/sam.caasi/.conda/envs/mononphm/lib/python3.9/site-packages/OpenGL/platform/baseplatform.py", line 19, in __get__
    value = self.fget(obj)
  File "/home/sam.caasi/.conda/envs/mononphm/lib/python3.9/site-packages/OpenGL/platform/glx.py", line 109, in GetCurrentContext
    return self.GLX.glXGetCurrentContext
AttributeError: 'NoneType' object has no attribute 'glXGetCurrentContext'
srun: error: saliksik-gpu-10: task 0: Exited with exit code 1
Running inference for: 6362913733590438579_00092
Traceback (most recent call last):
  File "/scratch1/sam.caasi/models/MonoNPHM/scripts/inference/rec.py", line 7, in <module>
    from mononphm.photometric_tracking.tracking import track
  File "/scratch1/sam.caasi/models/MonoNPHM/src/mononphm/photometric_tracking/tracking.py", line 21, in <module>
    from mononphm.utils.render_utils import project_points_torch
  File "/scratch1/sam.caasi/models/MonoNPHM/src/mononphm/utils/render_utils.py", line 10, in <module>
    import OpenGL.GL
  File "/home/sam.caasi/.conda/envs/mononphm/lib/python3.9/site-packages/OpenGL/GL/__init__.py", line 4, in <module>
    from OpenGL.GL.VERSION.GL_1_1 import *
  File "/home/sam.caasi/.conda/envs/mononphm/lib/python3.9/site-packages/OpenGL/GL/VERSION/GL_1_1.py", line 14, in <module>
    from OpenGL.raw.GL.VERSION.GL_1_1 import *
  File "/home/sam.caasi/.conda/envs/mononphm/lib/python3.9/site-packages/OpenGL/raw/GL/VERSION/GL_1_1.py", line 7, in <module>
    from OpenGL.raw.GL import _errors
  File "/home/sam.caasi/.conda/envs/mononphm/lib/python3.9/site-packages/OpenGL/raw/GL/_errors.py", line 4, in <module>
    _error_checker = _ErrorChecker( _p, _p.GL.glGetError )
  File "src/errorchecker.pyx", line 21, in OpenGL_accelerate.errorchecker._ErrorChecker.__init__
  File "/home/sam.caasi/.conda/envs/mononphm/lib/python3.9/site-packages/OpenGL/platform/baseplatform.py", line 19, in __get__
    value = self.fget(obj)
  File "/home/sam.caasi/.conda/envs/mononphm/lib/python3.9/site-packages/OpenGL/platform/baseplatform.py", line 409, in CurrentContextIsValid
    return self.GetCurrentContext
  File "/home/sam.caasi/.conda/envs/mononphm/lib/python3.9/site-packages/OpenGL/platform/baseplatform.py", line 19, in __get__
    value = self.fget(obj)
  File "/home/sam.caasi/.conda/envs/mononphm/lib/python3.9/site-packages/OpenGL/platform/glx.py", line 109, in GetCurrentContext
    return self.GLX.glXGetCurrentContext
AttributeError: 'NoneType' object has no attribute 'glXGetCurrentContext'
srun: error: saliksik-gpu-10: task 0: Exited with exit code 1
Running inference for: 6362913733590438579_00099
Traceback (most recent call last):
  File "/scratch1/sam.caasi/models/MonoNPHM/scripts/inference/rec.py", line 7, in <module>
    from mononphm.photometric_tracking.tracking import track
  File "/scratch1/sam.caasi/models/MonoNPHM/src/mononphm/photometric_tracking/tracking.py", line 21, in <module>
    from mononphm.utils.render_utils import project_points_torch
  File "/scratch1/sam.caasi/models/MonoNPHM/src/mononphm/utils/render_utils.py", line 10, in <module>
    import OpenGL.GL
  File "/home/sam.caasi/.conda/envs/mononphm/lib/python3.9/site-packages/OpenGL/GL/__init__.py", line 4, in <module>
    from OpenGL.GL.VERSION.GL_1_1 import *
  File "/home/sam.caasi/.conda/envs/mononphm/lib/python3.9/site-packages/OpenGL/GL/VERSION/GL_1_1.py", line 14, in <module>
    from OpenGL.raw.GL.VERSION.GL_1_1 import *
  File "/home/sam.caasi/.conda/envs/mononphm/lib/python3.9/site-packages/OpenGL/raw/GL/VERSION/GL_1_1.py", line 7, in <module>
    from OpenGL.raw.GL import _errors
  File "/home/sam.caasi/.conda/envs/mononphm/lib/python3.9/site-packages/OpenGL/raw/GL/_errors.py", line 4, in <module>
    _error_checker = _ErrorChecker( _p, _p.GL.glGetError )
  File "src/errorchecker.pyx", line 21, in OpenGL_accelerate.errorchecker._ErrorChecker.__init__
  File "/home/sam.caasi/.conda/envs/mononphm/lib/python3.9/site-packages/OpenGL/platform/baseplatform.py", line 19, in __get__
    value = self.fget(obj)
  File "/home/sam.caasi/.conda/envs/mononphm/lib/python3.9/site-packages/OpenGL/platform/baseplatform.py", line 409, in CurrentContextIsValid
    return self.GetCurrentContext
  File "/home/sam.caasi/.conda/envs/mononphm/lib/python3.9/site-packages/OpenGL/platform/baseplatform.py", line 19, in __get__
    value = self.fget(obj)
  File "/home/sam.caasi/.conda/envs/mononphm/lib/python3.9/site-packages/OpenGL/platform/glx.py", line 109, in GetCurrentContext
    return self.GLX.glXGetCurrentContext
AttributeError: 'NoneType' object has no attribute 'glXGetCurrentContext'
srun: error: saliksik-gpu-10: task 0: Exited with exit code 1
Running inference for: 6362913733590438579_00105
Traceback (most recent call last):
  File "/scratch1/sam.caasi/models/MonoNPHM/scripts/inference/rec.py", line 7, in <module>
    from mononphm.photometric_tracking.tracking import track
  File "/scratch1/sam.caasi/models/MonoNPHM/src/mononphm/photometric_tracking/tracking.py", line 21, in <module>
    from mononphm.utils.render_utils import project_points_torch
  File "/scratch1/sam.caasi/models/MonoNPHM/src/mononphm/utils/render_utils.py", line 10, in <module>
    import OpenGL.GL
  File "/home/sam.caasi/.conda/envs/mononphm/lib/python3.9/site-packages/OpenGL/GL/__init__.py", line 4, in <module>
    from OpenGL.GL.VERSION.GL_1_1 import *
  File "/home/sam.caasi/.conda/envs/mononphm/lib/python3.9/site-packages/OpenGL/GL/VERSION/GL_1_1.py", line 14, in <module>
    from OpenGL.raw.GL.VERSION.GL_1_1 import *
  File "/home/sam.caasi/.conda/envs/mononphm/lib/python3.9/site-packages/OpenGL/raw/GL/VERSION/GL_1_1.py", line 7, in <module>
    from OpenGL.raw.GL import _errors
  File "/home/sam.caasi/.conda/envs/mononphm/lib/python3.9/site-packages/OpenGL/raw/GL/_errors.py", line 4, in <module>
    _error_checker = _ErrorChecker( _p, _p.GL.glGetError )
  File "src/errorchecker.pyx", line 21, in OpenGL_accelerate.errorchecker._ErrorChecker.__init__
  File "/home/sam.caasi/.conda/envs/mononphm/lib/python3.9/site-packages/OpenGL/platform/baseplatform.py", line 19, in __get__
    value = self.fget(obj)
  File "/home/sam.caasi/.conda/envs/mononphm/lib/python3.9/site-packages/OpenGL/platform/baseplatform.py", line 409, in CurrentContextIsValid
    return self.GetCurrentContext
  File "/home/sam.caasi/.conda/envs/mononphm/lib/python3.9/site-packages/OpenGL/platform/baseplatform.py", line 19, in __get__
    value = self.fget(obj)
  File "/home/sam.caasi/.conda/envs/mononphm/lib/python3.9/site-packages/OpenGL/platform/glx.py", line 109, in GetCurrentContext
    return self.GLX.glXGetCurrentContext
AttributeError: 'NoneType' object has no attribute 'glXGetCurrentContext'
srun: Job step aborted: Waiting up to 32 seconds for job step to finish.
slurmstepd: error: *** JOB 69266 ON saliksik-gpu-10 CANCELLED AT 2025-03-30T11:45:26 ***
slurmstepd: error: *** STEP 69266.24 ON saliksik-gpu-10 CANCELLED AT 2025-03-30T11:45:26 ***
