CUDA_DEVICE=/dev/nvidia/0
Tue Mar 18 20:10:26 2025       
+-----------------------------------------------------------------------------------------+
| NVIDIA-SMI 565.57.01              Driver Version: 565.57.01      CUDA Version: 12.7     |
|-----------------------------------------+------------------------+----------------------+
| GPU  Name                 Persistence-M | Bus-Id          Disp.A | Volatile Uncorr. ECC |
| Fan  Temp   Perf          Pwr:Usage/Cap |           Memory-Usage | GPU-Util  Compute M. |
|                                         |                        |               MIG M. |
|=========================================+========================+======================|
|   0  NVIDIA A100-SXM4-80GB          Off |   00000000:0B:00.0 Off |                    0 |
| N/A   24C    P0             57W /  400W |       1MiB /  81920MiB |      0%      Default |
|                                         |                        |             Disabled |
+-----------------------------------------+------------------------+----------------------+
                                                                                         
+-----------------------------------------------------------------------------------------+
| Processes:                                                                              |
|  GPU   GI   CI        PID   Type   Process name                              GPU Memory |
|        ID   ID                                                               Usage      |
|=========================================================================================|
|  No running processes found                                                             |
+-----------------------------------------------------------------------------------------+
Module load: anaconda/3-2023.07-2
Skipping lrs30Fi83BHQsMA_00002 (already processed)
Skipping lrs30Fi83BHQsMA_00004 (already processed)
Skipping lrs30Fi83BHQsMA_00005 (already processed)
Skipping lrs30Fi83BHQsMA_00006 (already processed)
Skipping lrs30gks6ceq4eQ_00002 (already processed)
Skipping lrs30gks6ceq4eQ_00005 (already processed)
Skipping lrs30gks6ceq4eQ_00006 (already processed)
Skipping lrs30gks6ceq4eQ_00007 (already processed)
Skipping lrs30gks6ceq4eQ_00008 (already processed)
Skipping lrs30gks6ceq4eQ_00009 (already processed)
Skipping lrs30gks6ceq4eQ_00010 (already processed)
Skipping lrs30gks6ceq4eQ_00013 (already processed)
Skipping lrs30gks6ceq4eQ_00015 (already processed)
Skipping lrs30iIh5YYDR2o_00001 (already processed)
Skipping lrs30QVXdEOiCw8_00001 (already processed)
Skipping lrs30VJqrlH9cdI_00001 (already processed)
Skipping lrs30VJqrlH9cdI_00002 (already processed)
Skipping lrs30ZfSOArXbGQ_00001 (already processed)
Skipping lrs30ZfSOArXbGQ_00002 (already processed)
Skipping lrs30ZfSOArXbGQ_00003 (already processed)
Skipping lrs318uDutylDa4_00001 (already processed)
Skipping lrs318uDutylDa4_00002 (already processed)
Skipping lrs318uDutylDa4_00004 (already processed)
Skipping lrs318uDutylDa4_00007 (already processed)
Skipping lrs318uDutylDa4_00009 (already processed)
Skipping lrs318uDutylDa4_00010 (already processed)
Skipping lrs318uDutylDa4_00011 (already processed)
Skipping lrs31bnzVjOJ6NM_00001 (already processed)
Skipping lrs31bnzVjOJ6NM_00004 (already processed)
Skipping lrs31bnzVjOJ6NM_00005 (already processed)
Skipping lrs31bnzVjOJ6NM_00006 (already processed)
Skipping lrs31bnzVjOJ6NM_00007 (already processed)
Skipping lrs31bnzVjOJ6NM_00011 (already processed)
Skipping lrs31bnzVjOJ6NM_00013 (already processed)
Skipping lrs31bnzVjOJ6NM_00014 (already processed)
Skipping lrs31bnzVjOJ6NM_00015 (already processed)
Skipping lrs31bnzVjOJ6NM_00017 (already processed)
Skipping lrs31bnzVjOJ6NM_00020 (already processed)
Skipping lrs31bnzVjOJ6NM_00021 (already processed)
Skipping lrs31bnzVjOJ6NM_00022 (already processed)
Skipping lrs31bnzVjOJ6NM_00023 (already processed)
Skipping lrs31K5SycZjGhI_00001 (already processed)
Skipping lrs31L6lSFiV4xo_00002 (already processed)
Skipping lrs31L6lSFiV4xo_00003 (already processed)
Skipping lrs31PNX6MSdVsk_00001 (already processed)
Skipping lrs31PNX6MSdVsk_00005 (already processed)
Skipping lrs31PNX6MSdVsk_00007 (already processed)
Skipping lrs31PNX6MSdVsk_00009 (already processed)
Skipping lrs31PNX6MSdVsk_00010 (already processed)
Skipping lrs31PNX6MSdVsk_00011 (already processed)
Skipping lrs31US4jjWtua8_00001 (already processed)
Skipping lrs31US4jjWtua8_00002 (already processed)
Skipping lrs31US4jjWtua8_00004 (already processed)
Skipping lrs31US4jjWtua8_00005 (already processed)
Skipping lrs327lMmdmySb8_00001 (already processed)
Skipping lrs327lMmdmySb8_00002 (already processed)
Skipping lrs327lMmdmySb8_00005 (already processed)
Skipping lrs327lMmdmySb8_00006 (already processed)
Skipping lrs327lMmdmySb8_00008 (already processed)
Skipping lrs32SlBiFZ85d0_00002 (already processed)
Skipping lrs32SlBiFZ85d0_00003 (already processed)
Skipping lrs32SlBiFZ85d0_00004 (already processed)
Skipping lrs32SlBiFZ85d0_00006 (already processed)
Skipping lrs32SlBiFZ85d0_00008 (already processed)
Skipping lrs32UStOghblfE_00001 (already processed)
Skipping lrs32UStOghblfE_00002 (already processed)
Skipping lrs32UStOghblfE_00003 (already processed)
Skipping lrs32UStOghblfE_00004 (already processed)
Skipping lrs32UStOghblfE_00005 (already processed)
Skipping lrs33A1LvXRnpVg_00001 (already processed)
Skipping lrs33nSEitPb7BU_00001 (already processed)
Skipping lrs33OgsRa7VDtI_00001 (already processed)
Skipping lrs33OgsRa7VDtI_00003 (already processed)
Skipping lrs33OgsRa7VDtI_00004 (already processed)
Skipping lrs33OgsRa7VDtI_00008 (already processed)
Skipping lrs33r1IPsldbBg_00002 (already processed)
Skipping lrs33r1IPsldbBg_00003 (already processed)
Skipping lrs33uSQlcGCHUU_00001 (already processed)
Skipping lrs33uSQlcGCHUU_00006 (already processed)
Skipping lrs33uSQlcGCHUU_00008 (already processed)
Skipping lrs33uSQlcGCHUU_00011 (already processed)
Skipping lrs33uSQlcGCHUU_00012 (already processed)
Skipping lrs33uSQlcGCHUU_00014 (already processed)
Skipping lrs33uSQlcGCHUU_00015 (already processed)
Skipping lrs33uSQlcGCHUU_00016 (already processed)
Skipping lrs33uSQlcGCHUU_00017 (already processed)
Skipping lrs33vfuCPFb8wk_00001 (already processed)
Skipping lrs33zqZPujAPuc_00001 (already processed)
Skipping lrs348xS00Iy0ac_00002 (already processed)
Skipping lrs348xS00Iy0ac_00003 (already processed)
Skipping lrs34AYE3w5TWHs_00004 (already processed)
Skipping lrs34AYE3w5TWHs_00005 (already processed)
Skipping lrs34AYE3w5TWHs_00006 (already processed)
Skipping lrs34ErEBkjS3PY_00001 (already processed)
Skipping lrs34n8qT0vQbWk_00001 (already processed)
Skipping lrs34n8qT0vQbWk_00003 (already processed)
Skipping lrs34Q2aznfmcYU_00001 (already processed)
Skipping lrs34Q2aznfmcYU_00002 (already processed)
Skipping lrs34v4XxlfVk3o_00001 (already processed)
Skipping lrs355yGmKc6WfE_00001 (already processed)
Skipping lrs35b5BDoddOLA_00001 (already processed)
Skipping lrs35b5BDoddOLA_00002 (already processed)
Skipping lrs35b5BDoddOLA_00004 (already processed)
Skipping lrs35ifMRNag2XU_00001 (already processed)
Skipping lrs35Knz100ldLM_00001 (already processed)
Skipping lrs35P04stEjJ9E_00003 (already processed)
Skipping lrs35P04stEjJ9E_00004 (already processed)
Skipping lrs35P04stEjJ9E_00005 (already processed)
Skipping lrs35P04stEjJ9E_00006 (already processed)
Skipping lrs35riPKdpuoiI_00002 (already processed)
Skipping lrs35Yj3nGv0kn8_00001 (already processed)
Skipping lrs35Yj3nGv0kn8_00002 (already processed)
Skipping lrs362cNtvx6P8E_00001 (already processed)
Skipping lrs366koScWSHBU_00001 (already processed)
Skipping lrs366koScWSHBU_00003 (already processed)
Skipping lrs366koScWSHBU_00005 (already processed)
Skipping lrs366koScWSHBU_00006 (already processed)
Skipping lrs36kHSuYwt0qs_00002 (already processed)
Skipping lrs36OaIdwUdSxE_00003 (already processed)
Skipping lrs36ra1MIKlYB0_00002 (already processed)
Skipping lrs36Waurx8eS1o_00001 (already processed)
Skipping lrs36Waurx8eS1o_00003 (already processed)
Skipping lrs36Waurx8eS1o_00008 (already processed)
Skipping lrs36wNif5SlN08_00001 (already processed)
Skipping lrs36wNif5SlN08_00005 (already processed)
Skipping lrs36wNif5SlN08_00007 (already processed)
Skipping lrs36wNif5SlN08_00010 (already processed)
Skipping lrs36wNif5SlN08_00011 (already processed)
Skipping lrs36wNif5SlN08_00012 (already processed)
Skipping lrs36wNif5SlN08_00013 (already processed)
Skipping lrs36wNif5SlN08_00014 (already processed)
Skipping lrs37gkdzkVbuVA_00001 (already processed)
Skipping lrs37gkdzkVbuVA_00003 (already processed)
Skipping lrs37gkdzkVbuVA_00004 (already processed)
Skipping lrs37gkdzkVbuVA_00005 (already processed)
Skipping lrs37gXq1ml6B1E_00001 (already processed)
Skipping lrs37hQ0rgVfsP8_00001 (already processed)
Skipping lrs37hQ0rgVfsP8_00002 (already processed)
Skipping lrs37kkRkhAXZGg_00003 (already processed)
Skipping lrs37kkRkhAXZGg_00004 (already processed)
Skipping lrs37kkRkhAXZGg_00006 (already processed)
Skipping lrs37kkRkhAXZGg_00007 (already processed)
Skipping lrs37kkRkhAXZGg_00010 (already processed)
Skipping lrs37nZqiPLCvM4_00001 (already processed)
Skipping lrs37OMLSs8t1ng_00001 (already processed)
Skipping lrs37OMLSs8t1ng_00002 (already processed)
Skipping lrs37OMLSs8t1ng_00007 (already processed)
Skipping lrs37OMLSs8t1ng_00010 (already processed)
Skipping lrs37OMLSs8t1ng_00012 (already processed)
Skipping lrs37OMLSs8t1ng_00013 (already processed)
Skipping lrs37OMLSs8t1ng_00014 (already processed)
Skipping lrs37OMLSs8t1ng_00017 (already processed)
Skipping lrs37OMLSs8t1ng_00018 (already processed)
Skipping lrs37OMLSs8t1ng_00019 (already processed)
Skipping lrs37qT3RpaBlJo_00001 (already processed)
Skipping lrs37qT3RpaBlJo_00002 (already processed)
Skipping lrs37uN4I1wEOXE_00001 (already processed)
Skipping lrs37ZymFMmpOa0_00002 (already processed)
Skipping lrs37ZymFMmpOa0_00005 (already processed)
Skipping lrs37ZymFMmpOa0_00006 (already processed)
Skipping lrs37ZymFMmpOa0_00007 (already processed)
Skipping lrs37ZymFMmpOa0_00009 (already processed)
Skipping lrs37ZymFMmpOa0_00011 (already processed)
Skipping lrs381Ub0SMxZQo_00001 (already processed)
Skipping lrs381Ub0SMxZQo_00002 (already processed)
Skipping lrs381Ub0SMxZQo_00003 (already processed)
Skipping lrs387AEeLpodnE_00001 (already processed)
Skipping lrs387AEeLpodnE_00002 (already processed)
Skipping lrs387AEeLpodnE_00004 (already processed)
Skipping lrs387AEeLpodnE_00005 (already processed)
Skipping lrs387AEeLpodnE_00008 (already processed)
Skipping lrs387AEeLpodnE_00010 (already processed)
Skipping lrs38GQZuzIdeQQ_00001 (already processed)
Skipping lrs38GQZuzIdeQQ_00004 (already processed)
Skipping lrs38HfoKd873HY_00001 (already processed)
Skipping lrs38iSpNVj5KMw_00001 (already processed)
Skipping lrs38iSpNVj5KMw_00002 (already processed)
Skipping lrs38K9Gg164Bsw_00001 (already processed)
Skipping lrs38mPpe8AL21A_00001 (already processed)
Skipping lrs38nbeD1mwCdo_00001 (already processed)
Skipping lrs38nt3edWLgIg_00001 (already processed)
Skipping lrs38nt3edWLgIg_00003 (already processed)
Skipping lrs38nt3edWLgIg_00004 (already processed)
Skipping lrs38nt3edWLgIg_00005 (already processed)
Skipping lrs38UhqkX2VAmo_00001 (already processed)
Skipping lrs38vNIrPeRGlM_00001 (already processed)
Skipping lrs38vNIrPeRGlM_00003 (already processed)
Skipping lrs38vNIrPeRGlM_00005 (already processed)
Skipping lrs38vNIrPeRGlM_00009 (already processed)
Skipping lrs38vNIrPeRGlM_00010 (already processed)
Skipping lrs38vNIrPeRGlM_00011 (already processed)
Skipping lrs38VwTZFYSfvw_00001 (already processed)
Skipping lrs38VwTZFYSfvw_00002 (already processed)
Skipping lrs38Z24LCysq3A_00001 (already processed)
Skipping lrs395ovIJ3dsNk_00002 (already processed)
Skipping lrs395ovIJ3dsNk_00003 (already processed)
Skipping lrs395ovIJ3dsNk_00005 (already processed)
Skipping lrs395ovIJ3dsNk_00006 (already processed)
Skipping lrs395ovIJ3dsNk_00009 (already processed)
Skipping lrs39B0PaSznWJE_00002 (already processed)
Skipping lrs39CqVYUOjHLw_00002 (already processed)
Skipping lrs39JKy6ZfmBn0_00001 (already processed)
Skipping lrs39JKy6ZfmBn0_00002 (already processed)
Skipping lrs39kBKQS7J7xI_00001 (already processed)
Skipping lrs39kBKQS7J7xI_00002 (already processed)
Skipping lrs39RMx31GnNXY_00001 (already processed)
Skipping lrs39RMx31GnNXY_00002 (already processed)
Skipping lrs39RMx31GnNXY_00003 (already processed)
Skipping lrs39RMx31GnNXY_00004 (already processed)
Skipping lrs39TPFLHvn024_00002 (already processed)
Skipping lrs39uOMectkCCs_00001 (already processed)
Skipping lrs39uOMectkCCs_00002 (already processed)
Skipping lrs39uOMectkCCs_00004 (already processed)
Skipping lrs39uOMectkCCs_00005 (already processed)
Skipping lrs39uOMectkCCs_00007 (already processed)
Skipping lrs39YekkGz1E2k_00001 (already processed)
Skipping lrs39YekkGz1E2k_00002 (already processed)
Skipping lrs3AegIbt2j0sU_00001 (already processed)
Skipping lrs3akiQuyhXR8o_00001 (already processed)
Skipping lrs3akiQuyhXR8o_00002 (already processed)
Skipping lrs3akiQuyhXR8o_00003 (already processed)
Skipping lrs3akiQuyhXR8o_00004 (already processed)
Skipping lrs3akiQuyhXR8o_00005 (already processed)
Skipping lrs3akiQuyhXR8o_00006 (already processed)
Skipping lrs3akiQuyhXR8o_00007 (already processed)
Skipping lrs3akiQuyhXR8o_00010 (already processed)
Skipping lrs3akiQuyhXR8o_00011 (already processed)
Skipping lrs3AMVgX8cXsHA_00002 (already processed)
Skipping lrs3AO4In7d6XSc_00001 (already processed)
Skipping lrs3AO4In7d6XSc_00002 (already processed)
Skipping lrs3AO4In7d6XSc_00003 (already processed)
Skipping lrs3aoGJP02CtPA_00002 (already processed)
Skipping lrs3aoGJP02CtPA_00003 (already processed)
Skipping lrs3aoGJP02CtPA_00004 (already processed)
Skipping lrs3aSavBsX60Ss_00001 (already processed)
Skipping lrs3aSavBsX60Ss_00003 (already processed)
Skipping lrs3AsSd2nmoKNA_00001 (already processed)
Skipping lrs3AsSd2nmoKNA_00002 (already processed)
Skipping lrs3AsSd2nmoKNA_00003 (already processed)
Skipping lrs3AsSd2nmoKNA_00004 (already processed)
Skipping lrs3aupPrDnhrKA_00001 (already processed)
Skipping lrs3aupPrDnhrKA_00002 (already processed)
Skipping lrs3AWPrOvzzqZk_00002 (already processed)
Skipping lrs3b6YTQJVzwlI_00001 (already processed)
Skipping lrs3B8rmi95pYL0_00002 (already processed)
Skipping lrs3bArH8r8jJ4g_00001 (already processed)
Skipping lrs3bArH8r8jJ4g_00002 (already processed)
Skipping lrs3bArH8r8jJ4g_00004 (already processed)
Skipping lrs3BhMKmovNjvc_00001 (already processed)
Skipping lrs3BHY0FxzoKZE_00002 (already processed)
Skipping lrs3BHY0FxzoKZE_00003 (already processed)
Skipping lrs3BImnT7lcLDE_00001 (already processed)
Skipping lrs3BImnT7lcLDE_00002 (already processed)
Skipping lrs3BImnT7lcLDE_00003 (already processed)
Skipping lrs3BImnT7lcLDE_00004 (already processed)
Skipping lrs3BImnT7lcLDE_00006 (already processed)
Skipping lrs3Bo8YN3oB0Cw_00002 (already processed)
Skipping lrs3Bo8YN3oB0Cw_00003 (already processed)
Skipping lrs3BQZKs75RMqM_00001 (already processed)
Skipping lrs3bS6SiVz1R0o_00001 (already processed)
Skipping lrs3bS6SiVz1R0o_00002 (already processed)
Skipping lrs3bS6SiVz1R0o_00003 (already processed)
Skipping lrs3bS6SiVz1R0o_00004 (already processed)
Skipping lrs3Bs86giWcjLA_00001 (already processed)
Skipping lrs3Bs86giWcjLA_00002 (already processed)
Skipping lrs3Bs86giWcjLA_00004 (already processed)
Skipping lrs3BvpmZktlBFs_00002 (already processed)
Skipping lrs3BzeTjn0R2VY_00001 (already processed)
Skipping lrs3BzeTjn0R2VY_00003 (already processed)
Skipping lrs3BzeTjn0R2VY_00004 (already processed)
Skipping lrs3c0KYU2j0TM4_00001 (already processed)
Skipping lrs3c0KYU2j0TM4_00002 (already processed)
Skipping lrs3c64M1tZyWPM_00001 (already processed)
Skipping lrs3c64M1tZyWPM_00002 (already processed)
Skipping lrs3c64M1tZyWPM_00003 (already processed)
Skipping lrs3c64M1tZyWPM_00004 (already processed)
Skipping lrs3c9V6OKlY80k_00001 (already processed)
Skipping lrs3c9V6OKlY80k_00002 (already processed)
Skipping lrs3CDsNZJTWw0w_00001 (already processed)
Skipping lrs3CdZJ0SMbh10_00001 (already processed)
Skipping lrs3CgNx9Bgac1I_00002 (already processed)
Skipping lrs3CgNx9Bgac1I_00003 (already processed)
Skipping lrs3cHRZ6OrSvvI_00001 (already processed)
Skipping lrs3cHRZ6OrSvvI_00002 (already processed)
Skipping lrs3ClfBxWPkBKU_00001 (already processed)
Skipping lrs3ClfBxWPkBKU_00003 (already processed)
Skipping lrs3ClfBxWPkBKU_00005 (already processed)
Skipping lrs3ClfBxWPkBKU_00008 (already processed)
Skipping lrs3ClfBxWPkBKU_00009 (already processed)
Skipping lrs3ClfBxWPkBKU_00010 (already processed)
Skipping lrs3ClfBxWPkBKU_00011 (already processed)
Skipping lrs3cmpu58yv8Sg_00001 (already processed)
Skipping lrs3cmpu58yv8Sg_00002 (already processed)
Skipping lrs3cmpu58yv8Sg_00004 (already processed)
Skipping lrs3cmpu58yv8Sg_00005 (already processed)
Skipping lrs3cmpu58yv8Sg_00007 (already processed)
Skipping lrs3CxEqV8WtfOo_00001 (already processed)
Skipping lrs3d3syTrElgcg_00001 (already processed)
Skipping lrs3d6NKdnZvdoo_00002 (already processed)
Skipping lrs3d6NKdnZvdoo_00003 (already processed)
Skipping lrs3D8SSLLnV3W8_00001 (already processed)
Skipping lrs3DCIL2nvU4x8_00001 (already processed)
Skipping lrs3DDaldVHUedI_00002 (already processed)
Skipping lrs3DDaldVHUedI_00003 (already processed)
Skipping lrs3DDaldVHUedI_00004 (already processed)
Skipping lrs3DDaldVHUedI_00005 (already processed)
Skipping lrs3DDaldVHUedI_00006 (already processed)
Skipping lrs3ddxHlkIuHqg_00001 (already processed)
Skipping lrs3ddxHlkIuHqg_00002 (already processed)
Skipping lrs3ddxHlkIuHqg_00004 (already processed)
Skipping lrs3DjeIpjhAqsM_00002 (already processed)
Skipping lrs3DjeIpjhAqsM_00003 (already processed)
Skipping lrs3DOgsYATbVSs_00001 (already processed)
Skipping lrs3DOgsYATbVSs_00003 (already processed)
Skipping lrs3DOgsYATbVSs_00004 (already processed)
Skipping lrs3dS8n24ZwZcQ_00001 (already processed)
Skipping lrs3dS8n24ZwZcQ_00002 (already processed)
Skipping lrs3DsrxbqFo41k_00002 (already processed)
Skipping lrs3dYNc3P4jSt4_00001 (already processed)
Skipping lrs3dYNc3P4jSt4_00004 (already processed)
Skipping lrs3dYNc3P4jSt4_00006 (already processed)
Skipping lrs3dYNc3P4jSt4_00007 (already processed)
Skipping lrs3dYNc3P4jSt4_00008 (already processed)
Skipping lrs3E0oPnS7rUwE_00001 (already processed)
Skipping lrs3E0oPnS7rUwE_00002 (already processed)
Skipping lrs3E0oPnS7rUwE_00003 (already processed)
Skipping lrs3E0oPnS7rUwE_00006 (already processed)
Skipping lrs3E0oPnS7rUwE_00007 (already processed)
Skipping lrs3E22icGCvGXk_00001 (already processed)
Skipping lrs3E22icGCvGXk_00004 (already processed)
Skipping lrs3E22icGCvGXk_00006 (already processed)
Skipping lrs3EGjxIS5MPUY_00001 (already processed)
Skipping lrs3emW1TQ290ec_00001 (already processed)
Skipping lrs3eNAHVnkll5M_00001 (already processed)
Skipping lrs3eNAHVnkll5M_00002 (already processed)
Skipping lrs3eNAHVnkll5M_00003 (already processed)
Skipping lrs3eNAHVnkll5M_00004 (already processed)
Skipping lrs3eNAHVnkll5M_00005 (already processed)
Skipping lrs3eNAHVnkll5M_00008 (already processed)
Skipping lrs3eNAHVnkll5M_00011 (already processed)
Skipping lrs3eqsXcSaefKI_00001 (already processed)
Skipping lrs3eqsXcSaefKI_00002 (already processed)
Skipping lrs3esD6aaIjhek_00001 (already processed)
Skipping lrs3EV3OmxrowWE_00001 (already processed)
Skipping lrs3EV3OmxrowWE_00003 (already processed)
Skipping lrs3EV3OmxrowWE_00004 (already processed)
Skipping lrs3EV3OmxrowWE_00007 (already processed)
Skipping lrs3eVFYhbHpfqU_00001 (already processed)
Skipping lrs3eVFYhbHpfqU_00002 (already processed)
Skipping lrs3eVFYhbHpfqU_00003 (already processed)
Skipping lrs3eVFYhbHpfqU_00007 (already processed)
Skipping lrs3eVFYhbHpfqU_00008 (already processed)
Skipping lrs3eVFYhbHpfqU_00009 (already processed)
Skipping lrs3eVFYhbHpfqU_00011 (already processed)
Skipping lrs3eZj5n8ScTkI_00001 (already processed)
Skipping lrs3eZj5n8ScTkI_00002 (already processed)
Skipping lrs3eZj5n8ScTkI_00003 (already processed)
Skipping lrs3eZj5n8ScTkI_00005 (already processed)
Skipping lrs3F3OhcpKSUBc_00001 (already processed)
Skipping lrs3F3OhcpKSUBc_00004 (already processed)
Skipping lrs3F3OhcpKSUBc_00006 (already processed)
Skipping lrs3F3OhcpKSUBc_00007 (already processed)
Skipping lrs3F5h6ynoq8uM_00001 (already processed)
Skipping lrs3F5h6ynoq8uM_00002 (already processed)
Skipping lrs3fC9da6eqaqg_00001 (already processed)
Skipping lrs3FcmSmAwPkxg_00001 (already processed)
Skipping lrs3FcmSmAwPkxg_00005 (already processed)
Skipping lrs3FcmSmAwPkxg_00006 (already processed)
Skipping lrs3FcmSmAwPkxg_00007 (already processed)
Skipping lrs3FcmSmAwPkxg_00008 (already processed)
Skipping lrs3FcmSmAwPkxg_00010 (already processed)
Skipping lrs3FcmSmAwPkxg_00012 (already processed)
Skipping lrs3FD6CqD1kV8s_00001 (already processed)
Skipping lrs3FD6CqD1kV8s_00003 (already processed)
Skipping lrs3FD6CqD1kV8s_00004 (already processed)
Skipping lrs3FD6CqD1kV8s_00005 (already processed)
Skipping lrs3FFG2rilqT2g_00003 (already processed)
Skipping lrs3FFG2rilqT2g_00004 (already processed)
Skipping lrs3FFG2rilqT2g_00005 (already processed)
Skipping lrs3fIICVeGW4RY_00001 (already processed)
Skipping lrs3fIICVeGW4RY_00003 (already processed)
Skipping lrs3fIICVeGW4RY_00004 (already processed)
Skipping lrs3fIICVeGW4RY_00006 (already processed)
Skipping lrs3Fivy99RtMfM_00002 (already processed)
Skipping lrs3FKxaL8Iau8Q_00001 (already processed)
Skipping lrs3FKxaL8Iau8Q_00002 (already processed)
Skipping lrs3FKxaL8Iau8Q_00003 (already processed)
Skipping lrs3FKxaL8Iau8Q_00007 (already processed)
Skipping lrs3FmpIMt95ndU_00001 (already processed)
Skipping lrs3FmpIMt95ndU_00004 (already processed)
Skipping lrs3FmpIMt95ndU_00005 (already processed)
Skipping lrs3FQEEMpzPZlY_00001 (already processed)
Skipping lrs3FqrLUtIFVjs_00001 (already processed)
Skipping lrs3FqrLUtIFVjs_00002 (already processed)
Skipping lrs3fscaRh2OtXk_00002 (already processed)
Skipping lrs3fscaRh2OtXk_00003 (already processed)
Skipping lrs3fscaRh2OtXk_00004 (already processed)
Skipping lrs3fTSXvLzNd0o_00002 (already processed)
Skipping lrs3fxbCHn6gE3U_00001 (already processed)
Skipping lrs3fxbCHn6gE3U_00003 (already processed)
Skipping lrs3fxbCHn6gE3U_00005 (already processed)
Skipping lrs3fxbCHn6gE3U_00007 (already processed)
Skipping lrs3fxbCHn6gE3U_00008 (already processed)
Skipping lrs3FxtSMZKMdes_00002 (already processed)
Skipping lrs3FxtSMZKMdes_00004 (already processed)
Skipping lrs3FxtSMZKMdes_00005 (already processed)
Skipping lrs3FxtSMZKMdes_00006 (already processed)
Skipping lrs3FxtSMZKMdes_00007 (already processed)
Skipping lrs3FxtSMZKMdes_00009 (already processed)
Skipping lrs3FxtSMZKMdes_00010 (already processed)
Skipping lrs3FxtSMZKMdes_00014 (already processed)
Skipping lrs3FxtSMZKMdes_00015 (already processed)
Skipping lrs3FxtSMZKMdes_00017 (already processed)
Skipping lrs3fZ8eyWBQmfU_00001 (already processed)
Skipping lrs3G2XBIkHW954_00002 (already processed)
Skipping lrs3GAMR5RDSLJo_00005 (already processed)
Skipping lrs3GAMR5RDSLJo_00006 (already processed)
Skipping lrs3GAMR5RDSLJo_00007 (already processed)
Skipping lrs3GAMR5RDSLJo_00009 (already processed)
Skipping lrs3GAMR5RDSLJo_00010 (already processed)
Skipping lrs3GAMR5RDSLJo_00011 (already processed)
Skipping lrs3GAMR5RDSLJo_00014 (already processed)
Skipping lrs3GAMR5RDSLJo_00016 (already processed)
Skipping lrs3GAMR5RDSLJo_00018 (already processed)
Skipping lrs3GAMR5RDSLJo_00019 (already processed)
Skipping lrs3GAMR5RDSLJo_00020 (already processed)
Skipping lrs3GGScU5ESei4_00001 (already processed)
Skipping lrs3GGScU5ESei4_00004 (already processed)
Skipping lrs3GGScU5ESei4_00005 (already processed)
Skipping lrs3GIbz9ms9Z9k_00001 (already processed)
Skipping lrs3GIbz9ms9Z9k_00003 (already processed)
Skipping lrs3GIbz9ms9Z9k_00004 (already processed)
Skipping lrs3Gmai4zkKNcM_00001 (already processed)
Skipping lrs3Gmai4zkKNcM_00002 (already processed)
Skipping lrs3Gmai4zkKNcM_00003 (already processed)
Skipping lrs3Gmai4zkKNcM_00004 (already processed)
Skipping lrs3Gmai4zkKNcM_00006 (already processed)
Skipping lrs3Gmai4zkKNcM_00007 (already processed)
Skipping lrs3GMynksvCcUI_00001 (already processed)
Skipping lrs3GMynksvCcUI_00002 (already processed)
Skipping lrs3GMynksvCcUI_00008 (already processed)
Skipping lrs3GMynksvCcUI_00009 (already processed)
Skipping lrs3GqnJFm1CS3c_00002 (already processed)
Skipping lrs3GSf6nijSSdA_00002 (already processed)
Skipping lrs3GSf6nijSSdA_00003 (already processed)
Skipping lrs3GSf6nijSSdA_00004 (already processed)
Skipping lrs3GSf6nijSSdA_00005 (already processed)
Skipping lrs3GSf6nijSSdA_00007 (already processed)
Skipping lrs3GSf6nijSSdA_00010 (already processed)
Skipping lrs3GSf6nijSSdA_00011 (already processed)
Skipping lrs3gSycQufrgK4_00001 (already processed)
Skipping lrs3gSycQufrgK4_00002 (already processed)
Skipping lrs3gtpTd3ywwiE_00001 (already processed)
Skipping lrs3gVfgkFaswn4_00001 (already processed)
Skipping lrs3gVfgkFaswn4_00002 (already processed)
Skipping lrs3gVfgkFaswn4_00003 (already processed)
Skipping lrs3gVfgkFaswn4_00006 (already processed)
Skipping lrs3GvGAIGbnX7E_00001 (already processed)
Skipping lrs3GvGAIGbnX7E_00004 (already processed)
Skipping lrs3GZadCj8O1S0_00001 (already processed)
Skipping lrs3H14bBuluwB8_00001 (already processed)
Skipping lrs3H14bBuluwB8_00002 (already processed)
Skipping lrs3H9ZOpQzjukY_00001 (already processed)
Skipping lrs3HbUeAdVXOVc_00001 (already processed)
Skipping lrs3HD4bpztESWw_00001 (already processed)
Skipping lrs3HdwOlk6HIVc_00001 (already processed)
Skipping lrs3HdwOlk6HIVc_00002 (already processed)
Skipping lrs3HdwOlk6HIVc_00004 (already processed)
Skipping lrs3HI7zfpitZpo_00002 (already processed)
Skipping lrs3hiIcwt88o94_00001 (already processed)
Skipping lrs3hiIcwt88o94_00002 (already processed)
Skipping lrs3hiIcwt88o94_00003 (already processed)
Skipping lrs3hiIcwt88o94_00005 (already processed)
Skipping lrs3hiIcwt88o94_00006 (already processed)
Skipping lrs3hiIcwt88o94_00008 (already processed)
Skipping lrs3hiIcwt88o94_00010 (already processed)
Skipping lrs3hiIcwt88o94_00017 (already processed)
Skipping lrs3hiIcwt88o94_00018 (already processed)
Skipping lrs3hiIcwt88o94_00019 (already processed)
Skipping lrs3hiIcwt88o94_00020 (already processed)
Skipping lrs3hiIcwt88o94_00023 (already processed)
Skipping lrs3HiwJ0hNl1Fw_00002 (already processed)
Skipping lrs3HiwJ0hNl1Fw_00003 (already processed)
Skipping lrs3Hj9oB4zpHww_00001 (already processed)
Skipping lrs3Hj9oB4zpHww_00003 (already processed)
Skipping lrs3HqekWfSJCSA_00002 (already processed)
Skipping lrs3hQigUH0vZSE_00001 (already processed)
Skipping lrs3HSercnrqeN4_00001 (already processed)
Skipping lrs3HSercnrqeN4_00002 (already processed)
Skipping lrs3HSercnrqeN4_00004 (already processed)
Skipping lrs3Ht2fzax9wV0_00001 (already processed)
Skipping lrs3Ht2fzax9wV0_00002 (already processed)
Skipping lrs3HUM2rCIUdeI_00001 (already processed)
Skipping lrs3HUM2rCIUdeI_00003 (already processed)
Skipping lrs3HUM2rCIUdeI_00004 (already processed)
Skipping lrs3hxsnKwmW0dk_00002 (already processed)
Skipping lrs3hxsnKwmW0dk_00003 (already processed)
Skipping lrs3IjbTiRbeNpM_00001 (already processed)
Skipping lrs3IjbTiRbeNpM_00002 (already processed)
Skipping lrs3IjbTiRbeNpM_00003 (already processed)
Skipping lrs3IjbTiRbeNpM_00004 (already processed)
Skipping lrs3IjbTiRbeNpM_00005 (already processed)
Skipping lrs3Ip2SQa50uBI_00001 (already processed)
Skipping lrs3Ip2SQa50uBI_00003 (already processed)
Skipping lrs3Ip2SQa50uBI_00005 (already processed)
Skipping lrs3IPBCxlxSSVk_00001 (already processed)
Skipping lrs3iPE2SiCCo0w_00001 (already processed)
Skipping lrs3iPE2SiCCo0w_00002 (already processed)
Skipping lrs3iPE2SiCCo0w_00004 (already processed)
Skipping lrs3iPE2SiCCo0w_00007 (already processed)
Skipping lrs3iPE2SiCCo0w_00008 (already processed)
Skipping lrs3iPE2SiCCo0w_00009 (already processed)
Skipping lrs3iPE2SiCCo0w_00013 (already processed)
Skipping lrs3iPE2SiCCo0w_00015 (already processed)
Skipping lrs3iPE2SiCCo0w_00018 (already processed)
Skipping lrs3iPE2SiCCo0w_00021 (already processed)
Skipping lrs3iPE2SiCCo0w_00023 (already processed)
Skipping lrs3iqEHuBST2qQ_00001 (already processed)
Skipping lrs3IS4IK8CiLg8_00001 (already processed)
Skipping lrs3IS4IK8CiLg8_00002 (already processed)
Skipping lrs3IThAD5yKrgE_00001 (already processed)
Skipping lrs3IWdzrZdRa38_00001 (already processed)
Skipping lrs3IWdzrZdRa38_00004 (already processed)
Skipping lrs3IWdzrZdRa38_00005 (already processed)
Skipping lrs3IWdzrZdRa38_00006 (already processed)
Skipping lrs3IWdzrZdRa38_00007 (already processed)
Skipping lrs3IWdzrZdRa38_00012 (already processed)
Skipping lrs3j7fRIGphgtk_00001 (already processed)
Skipping lrs3j7fRIGphgtk_00002 (already processed)
Skipping lrs3j7fRIGphgtk_00004 (already processed)
Skipping lrs3j7fRIGphgtk_00005 (already processed)
Skipping lrs3J8FyHI00ELY_00001 (already processed)
Skipping lrs3J8FyHI00ELY_00002 (already processed)
Skipping lrs3J8FyHI00ELY_00004 (already processed)
Skipping lrs3J8FyHI00ELY_00005 (already processed)
Skipping lrs3J8FyHI00ELY_00006 (already processed)
Skipping lrs3J8FyHI00ELY_00008 (already processed)
Skipping lrs3J8FyHI00ELY_00009 (already processed)
Skipping lrs3jbHpF7EySck_00001 (already processed)
Skipping lrs3jbHpF7EySck_00002 (already processed)
Skipping lrs3Jc9RdbHEFa0_00001 (already processed)
Skipping lrs3JcJ3MfJNm6g_00001 (already processed)
Skipping lrs3jcp5vvxtEaU_00001 (already processed)
Skipping lrs3jcp5vvxtEaU_00002 (already processed)
Skipping lrs3jcp5vvxtEaU_00004 (already processed)
Skipping lrs3jcp5vvxtEaU_00006 (already processed)
Skipping lrs3jcp5vvxtEaU_00008 (already processed)
Skipping lrs3jcp5vvxtEaU_00009 (already processed)
Skipping lrs3jcp5vvxtEaU_00010 (already processed)
Skipping lrs3jcp5vvxtEaU_00011 (already processed)
Skipping lrs3jcp5vvxtEaU_00012 (already processed)
Skipping lrs3jcSSY9rDN2g_00001 (already processed)
Skipping lrs3jcSSY9rDN2g_00002 (already processed)
Skipping lrs3JFQLvbVJVMg_00001 (already processed)
Skipping lrs3JFQLvbVJVMg_00003 (already processed)
Skipping lrs3jggHw5PdQV0_00001 (already processed)
Skipping lrs3jggHw5PdQV0_00002 (already processed)
Skipping lrs3jggHw5PdQV0_00003 (already processed)
Skipping lrs3JHk9YVjhk7c_00001 (already processed)
Skipping lrs3JISHzvXk5bk_00001 (already processed)
Skipping lrs3jiUKpX09zo4_00001 (already processed)
Skipping lrs3Jm2dWbNsnZI_00001 (already processed)
Skipping lrs3Jm2dWbNsnZI_00002 (already processed)
Skipping lrs3JP0w9lZoLwU_00002 (already processed)
Skipping lrs3jPf0LjZAS14_00001 (already processed)
Skipping lrs3jPf0LjZAS14_00003 (already processed)
Skipping lrs3jPf0LjZAS14_00004 (already processed)
Skipping lrs3jPf0LjZAS14_00008 (already processed)
Skipping lrs3jPf0LjZAS14_00009 (already processed)
Skipping lrs3jPf0LjZAS14_00010 (already processed)
Skipping lrs3JSSc7hYKstI_00005 (already processed)
Skipping lrs3JSSc7hYKstI_00006 (already processed)
Skipping lrs3JSSc7hYKstI_00007 (already processed)
Skipping lrs3JSSc7hYKstI_00008 (already processed)
Skipping lrs3JSSc7hYKstI_00010 (already processed)
Skipping lrs3JSSc7hYKstI_00014 (already processed)
Skipping lrs3JSSc7hYKstI_00015 (already processed)
Skipping lrs3JSSc7hYKstI_00016 (already processed)
Skipping lrs3JSSc7hYKstI_00017 (already processed)
Skipping lrs3JSSc7hYKstI_00019 (already processed)
Skipping lrs3JTN9Nx8VYtk_00002 (already processed)
Skipping lrs3jtVIDBs60S8_00001 (already processed)
Skipping lrs3jtVIDBs60S8_00004 (already processed)
Skipping lrs3jtVIDBs60S8_00005 (already processed)
Skipping lrs3k2hQL9Zrokk_00001 (already processed)
Skipping lrs3k2hQL9Zrokk_00002 (already processed)
Skipping lrs3k2hQL9Zrokk_00003 (already processed)
Skipping lrs3k2hQL9Zrokk_00005 (already processed)
Skipping lrs3k2hQL9Zrokk_00006 (already processed)
Skipping lrs3k2hQL9Zrokk_00008 (already processed)
Skipping lrs3ka8L1YMR88U_00001 (already processed)
Skipping lrs3ka8L1YMR88U_00004 (already processed)
Skipping lrs3ka8L1YMR88U_00005 (already processed)
Skipping lrs3ka8L1YMR88U_00006 (already processed)
Skipping lrs3ka8L1YMR88U_00008 (already processed)
Skipping lrs3kcEIsbO0ivA_00001 (already processed)
Skipping lrs3kEKzl6fub2w_00001 (already processed)
Skipping lrs3kEKzl6fub2w_00002 (already processed)
Skipping lrs3kEKzl6fub2w_00003 (already processed)
Skipping lrs3KNSRifMSSvM_00001 (already processed)
Skipping lrs3KPNn880KWfU_00003 (already processed)
Skipping lrs3KPNn880KWfU_00005 (already processed)
Skipping lrs3KuWXfjyGhk0_00001 (already processed)
Skipping lrs3KuWXfjyGhk0_00004 (already processed)
Skipping lrs3KuWXfjyGhk0_00005 (already processed)
Skipping lrs3KuWXfjyGhk0_00007 (already processed)
Skipping lrs3KuWXfjyGhk0_00009 (already processed)
Skipping lrs3KvvjDOtS2sw_00005 (already processed)
Skipping lrs3KvvjDOtS2sw_00006 (already processed)
Skipping lrs3KvvjDOtS2sw_00007 (already processed)
Skipping lrs3KvvjDOtS2sw_00010 (already processed)
Skipping lrs3KvvjDOtS2sw_00012 (already processed)
Skipping lrs3KvvjDOtS2sw_00013 (already processed)
Skipping lrs3KvvjDOtS2sw_00014 (already processed)
Skipping lrs3kwYxHPXIaao_00001 (already processed)
Skipping lrs3KxLMjn4WPBY_00001 (already processed)
Skipping lrs3KxLMjn4WPBY_00002 (already processed)
Skipping lrs3l5vZHuAtDZA_00001 (already processed)
Skipping lrs3l5vZHuAtDZA_00003 (already processed)
Skipping lrs3LEx6K4P4GJc_00001 (already processed)
Skipping lrs3LEx6K4P4GJc_00003 (already processed)
Skipping lrs3LEx6K4P4GJc_00004 (already processed)
Skipping lrs3LEx6K4P4GJc_00005 (already processed)
Skipping lrs3LEx6K4P4GJc_00010 (already processed)
Skipping lrs3LHHlPnfOtRo_00001 (already processed)
Skipping lrs3Li4S1yyrsTI_00001 (already processed)
Skipping lrs3Li4S1yyrsTI_00003 (already processed)
Skipping lrs3Li4S1yyrsTI_00007 (already processed)
Skipping lrs3Li4S1yyrsTI_00009 (already processed)
Skipping lrs3Li4S1yyrsTI_00010 (already processed)
Skipping lrs3Li4S1yyrsTI_00011 (already processed)
Skipping lrs3Li4S1yyrsTI_00013 (already processed)
Skipping lrs3Li4S1yyrsTI_00014 (already processed)
Skipping lrs3Li4S1yyrsTI_00015 (already processed)
Skipping lrs3Li4S1yyrsTI_00016 (already processed)
Skipping lrs3Li4S1yyrsTI_00021 (already processed)
Skipping lrs3Li4S1yyrsTI_00022 (already processed)
Skipping lrs3LIckScLypGA_00001 (already processed)
Skipping lrs3LIckScLypGA_00002 (already processed)
Skipping lrs3LiUClSItcy0_00001 (already processed)
Skipping lrs3LiUClSItcy0_00004 (already processed)
Skipping lrs3LiUClSItcy0_00005 (already processed)
Skipping lrs3LiUClSItcy0_00006 (already processed)
Skipping lrs3LiUClSItcy0_00007 (already processed)
Skipping lrs3LiUClSItcy0_00008 (already processed)
Skipping lrs3LiUClSItcy0_00009 (already processed)
Skipping lrs3LIy2oVJtJsA_00002 (already processed)
Skipping lrs3LIy2oVJtJsA_00003 (already processed)
Skipping lrs3LIy2oVJtJsA_00006 (already processed)
Skipping lrs3LjAsM1vAhW0_00001 (already processed)
Skipping lrs3lmyZMtPVodo_00001 (already processed)
Skipping lrs3lmyZMtPVodo_00002 (already processed)
Skipping lrs3LpROaNue9GM_00001 (already processed)
Skipping lrs3lrSmXnUoUXM_00002 (already processed)
Skipping lrs3lrSmXnUoUXM_00003 (already processed)
Skipping lrs3LujWrkYsl64_00002 (already processed)
Skipping lrs3LYCKzpXEW6E_00001 (already processed)
Skipping lrs3LYCKzpXEW6E_00002 (already processed)
Skipping lrs3LYCKzpXEW6E_00003 (already processed)
Skipping lrs3M0SbSz5Le10_00002 (already processed)
Skipping lrs3M5PiTCwoQRo_00001 (already processed)
Skipping lrs3M6TMSQWI9m4_00001 (already processed)
Skipping lrs3m6X1i8khmt8_00001 (already processed)
Skipping lrs3m6X1i8khmt8_00002 (already processed)
Skipping lrs3m6X1i8khmt8_00004 (already processed)
Skipping lrs3M7KSnq0xkWY_00001 (already processed)
Skipping lrs3mc0vhSseGk4_00001 (already processed)
Skipping lrs3mgcjr1yz7ow_00002 (already processed)
Skipping lrs3mgcjr1yz7ow_00003 (already processed)
Skipping lrs3mgcjr1yz7ow_00005 (already processed)
Skipping lrs3mgcjr1yz7ow_00006 (already processed)
Skipping lrs3mgcjr1yz7ow_00008 (already processed)
Skipping lrs3mgcjr1yz7ow_00009 (already processed)
Skipping lrs3mgcjr1yz7ow_00013 (already processed)
Skipping lrs3mgcjr1yz7ow_00015 (already processed)
Skipping lrs3mgcjr1yz7ow_00016 (already processed)
Skipping lrs3mgcjr1yz7ow_00017 (already processed)
Skipping lrs3MIAS1xQc7x8_00002 (already processed)
Skipping lrs3mjDjbJJlqZ0_00001 (already processed)
Skipping lrs3MNuOmTQdFjA_00001 (already processed)
Skipping lrs3MNuOmTQdFjA_00002 (already processed)
Skipping lrs3mSHBma0Ithk_00001 (already processed)
Skipping lrs3mSHBma0Ithk_00002 (already processed)
Skipping lrs3mSHBma0Ithk_00003 (already processed)
Skipping lrs3mSHBma0Ithk_00006 (already processed)
Skipping lrs3MsLuQM5V3FA_00001 (already processed)
Skipping lrs3MsLuQM5V3FA_00002 (already processed)
Skipping lrs3MsLuQM5V3FA_00005 (already processed)
Skipping lrs3Mt0PiXLvYlU_00003 (already processed)
Skipping lrs3Mt0PiXLvYlU_00006 (already processed)
Skipping lrs3Mt0PiXLvYlU_00007 (already processed)
Skipping lrs3Mt0PiXLvYlU_00009 (already processed)
Skipping lrs3Mt0PiXLvYlU_00011 (already processed)
Skipping lrs3Mt0PiXLvYlU_00012 (already processed)
Skipping lrs3MvXZzKZ3JYQ_00001 (already processed)
Skipping lrs3mxNpNuogqsY_00003 (already processed)
Skipping lrs3mxNpNuogqsY_00004 (already processed)
Skipping lrs3mxNpNuogqsY_00005 (already processed)
Skipping lrs3mxNpNuogqsY_00006 (already processed)
Skipping lrs3n3kNlFMXslo_00002 (already processed)
Skipping lrs3n3kNlFMXslo_00003 (already processed)
Skipping lrs3n3kNlFMXslo_00005 (already processed)
Skipping lrs3n3kNlFMXslo_00006 (already processed)
Skipping lrs3n3kNlFMXslo_00010 (already processed)
Skipping lrs3n3kNlFMXslo_00011 (already processed)
Skipping lrs3n3kNlFMXslo_00012 (already processed)
Skipping lrs3n3kNlFMXslo_00013 (already processed)
Skipping lrs3NA7krbsdXFA_00002 (already processed)
Skipping lrs3NA7krbsdXFA_00003 (already processed)
Skipping lrs3NA7krbsdXFA_00005 (already processed)
Skipping lrs3NA7krbsdXFA_00010 (already processed)
Skipping lrs3NA7krbsdXFA_00011 (already processed)
Skipping lrs3nASJ0510Pxs_00002 (already processed)
Skipping lrs3nASJ0510Pxs_00003 (already processed)
Skipping lrs3nCg2NcGYu34_00001 (already processed)
Skipping lrs3nCg2NcGYu34_00004 (already processed)
Skipping lrs3nCg2NcGYu34_00006 (already processed)
Skipping lrs3nCg2NcGYu34_00008 (already processed)
Skipping lrs3nCg2NcGYu34_00009 (already processed)
Skipping lrs3nCg2NcGYu34_00011 (already processed)
Skipping lrs3nCg2NcGYu34_00012 (already processed)
Skipping lrs3NCJTV5KaJJc_00001 (already processed)
Skipping lrs3NCJTV5KaJJc_00002 (already processed)
Skipping lrs3nG3vB2CuSjM_00001 (already processed)
Skipping lrs3ni4FV5zL6lM_00001 (already processed)
Skipping lrs3ni4FV5zL6lM_00003 (already processed)
Skipping lrs3NL0uxDscjdo_00001 (already processed)
Skipping lrs3NL0uxDscjdo_00004 (already processed)
Skipping lrs3NL0uxDscjdo_00005 (already processed)
Skipping lrs3NoCOagL69Ss_00001 (already processed)
Skipping lrs3NoCOagL69Ss_00002 (already processed)
Skipping lrs3npNYP2vzaPo_00001 (already processed)
Skipping lrs3npNYP2vzaPo_00002 (already processed)
Skipping lrs3npNYP2vzaPo_00004 (already processed)
Skipping lrs3NqOjj1FCcVY_00001 (already processed)
Skipping lrs3NqOjj1FCcVY_00003 (already processed)
Skipping lrs3NqOjj1FCcVY_00004 (already processed)
Skipping lrs3NqOjj1FCcVY_00005 (already processed)
Skipping lrs3NqOjj1FCcVY_00006 (already processed)
Skipping lrs3NqOjj1FCcVY_00007 (already processed)
Skipping lrs3NYKcOFQCeno_00001 (already processed)
Skipping lrs3NYKcOFQCeno_00003 (already processed)
Skipping lrs3O0JDDyqtSVY_00001 (already processed)
Skipping lrs3O0JDDyqtSVY_00002 (already processed)
Skipping lrs3o1Z4F4e2Bw4_00001 (already processed)
Skipping lrs3o1Z4F4e2Bw4_00002 (already processed)
Skipping lrs3o1Z4F4e2Bw4_00003 (already processed)
Skipping lrs3o1Z4F4e2Bw4_00004 (already processed)
Skipping lrs3O3a9AYu5SUQ_00001 (already processed)
Skipping lrs3O6Vayv9FCLM_00001 (already processed)
Skipping lrs3O6Vayv9FCLM_00002 (already processed)
Skipping lrs3ODLgS00f9BE_00002 (already processed)
Skipping lrs3oDNgnrtSD8w_00001 (already processed)
Skipping lrs3OIlSXRCSBSI_00001 (already processed)
Skipping lrs3OIlSXRCSBSI_00002 (already processed)
Skipping lrs3OIlSXRCSBSI_00006 (already processed)
Skipping lrs3OIlSXRCSBSI_00007 (already processed)
Skipping lrs3Ok6LbV6bqaE_00002 (already processed)
Skipping lrs3Ok6LbV6bqaE_00003 (already processed)
Skipping lrs3Ok6LbV6bqaE_00004 (already processed)
Skipping lrs3Ok6LbV6bqaE_00005 (already processed)
Skipping lrs3OM6XIICmSqo_00001 (already processed)
Skipping lrs3OM6XIICmSqo_00002 (already processed)
Skipping lrs3OM6XIICmSqo_00005 (already processed)
Skipping lrs3ONM4JupBzSE_00001 (already processed)
Skipping lrs3ONM4JupBzSE_00003 (already processed)
Skipping lrs3ONM4JupBzSE_00005 (already processed)
Skipping lrs3ooAIIeo4AJQ_00001 (already processed)
Skipping lrs3ooAIIeo4AJQ_00002 (already processed)
Skipping lrs3ooAIIeo4AJQ_00003 (already processed)
Skipping lrs3ORthzIOEf30_00001 (already processed)
Skipping lrs3os69gEFXUW4_00001 (already processed)
Skipping lrs3OwgWkUIm9Gc_00003 (already processed)
Skipping lrs3OwgWkUIm9Gc_00004 (already processed)
Skipping lrs3OwgWkUIm9Gc_00005 (already processed)
Skipping lrs3OwgWkUIm9Gc_00008 (already processed)
Skipping lrs3OwgWkUIm9Gc_00009 (already processed)
Skipping lrs3OYfoGTIG7pY_00001 (already processed)
Skipping lrs3OYfoGTIG7pY_00002 (already processed)
Skipping lrs3OYfoGTIG7pY_00003 (already processed)
Skipping lrs3OYfoGTIG7pY_00004 (already processed)
Skipping lrs3OYfoGTIG7pY_00007 (already processed)
Skipping lrs3OYfoGTIG7pY_00010 (already processed)
Skipping lrs3oYp5XuGYqqY_00002 (already processed)
Skipping lrs3oYp5XuGYqqY_00003 (already processed)
Skipping lrs3OzA6jRYjVQs_00001 (already processed)
Skipping lrs3OzA6jRYjVQs_00003 (already processed)
Skipping lrs3OzA6jRYjVQs_00004 (already processed)
Skipping lrs3OzA6jRYjVQs_00006 (already processed)
Skipping lrs3OzA6jRYjVQs_00008 (already processed)
Skipping lrs3OzA6jRYjVQs_00009 (already processed)
Skipping lrs3P2AUat93a8Q_00002 (already processed)
Skipping lrs3PaxNc5Sqn6s_00001 (already processed)
Skipping lrs3PbgB2TaYhio_00001 (already processed)
Skipping lrs3PbgB2TaYhio_00003 (already processed)
Skipping lrs3PbgB2TaYhio_00004 (already processed)
Skipping lrs3PbgB2TaYhio_00007 (already processed)
Skipping lrs3pFDoCLf96Kg_00001 (already processed)
Skipping lrs3PhVP1tNeGyY_00001 (already processed)
Skipping lrs3pnv5iKB2hl4_00001 (already processed)
Skipping lrs3PrK0CifulU0_00003 (already processed)
Skipping lrs3PrK0CifulU0_00004 (already processed)
Skipping lrs3PrK0CifulU0_00005 (already processed)
Skipping lrs3PSlBlZ3hqKc_00001 (already processed)
Skipping lrs3PSlBlZ3hqKc_00004 (already processed)
Skipping lrs3PSlBlZ3hqKc_00005 (already processed)
Skipping lrs3PSlBlZ3hqKc_00006 (already processed)
Skipping lrs3PSlBlZ3hqKc_00007 (already processed)
Skipping lrs3PSlBlZ3hqKc_00009 (already processed)
Skipping lrs3PSlBlZ3hqKc_00011 (already processed)
Skipping lrs3PSlBlZ3hqKc_00012 (already processed)
Skipping lrs3psN1DORYYV0_00002 (already processed)
Skipping lrs3psN1DORYYV0_00004 (already processed)
Skipping lrs3psN1DORYYV0_00005 (already processed)
Skipping lrs3psN1DORYYV0_00006 (already processed)
Skipping lrs3psN1DORYYV0_00008 (already processed)
Skipping lrs3psN1DORYYV0_00012 (already processed)
Skipping lrs3psN1DORYYV0_00013 (already processed)
Skipping lrs3psN1DORYYV0_00014 (already processed)
Skipping lrs3psN1DORYYV0_00016 (already processed)
Skipping lrs3psN1DORYYV0_00017 (already processed)
Skipping lrs3psN1DORYYV0_00018 (already processed)
Skipping lrs3psN1DORYYV0_00019 (already processed)
Skipping lrs3psN1DORYYV0_00020 (already processed)
Skipping lrs3PYHd7rpOTe8_00001 (already processed)
Skipping lrs3PYHd7rpOTe8_00002 (already processed)
Skipping lrs3PYHd7rpOTe8_00003 (already processed)
Skipping lrs3q2gO4DKVpa8_00001 (already processed)
Skipping lrs3q2gO4DKVpa8_00002 (already processed)
Skipping lrs3q2gO4DKVpa8_00004 (already processed)
Skipping lrs3q2gO4DKVpa8_00005 (already processed)
Skipping lrs3q2gO4DKVpa8_00006 (already processed)
Skipping lrs3Q6U69HbAF9Y_00002 (already processed)
Skipping lrs3qafSjNLjedo_00001 (already processed)
Skipping lrs3QeIrdqU0o9s_00002 (already processed)
Skipping lrs3QeIrdqU0o9s_00004 (already processed)
Skipping lrs3QeIrdqU0o9s_00006 (already processed)
Skipping lrs3QKHkSUiQboA_00003 (already processed)
Skipping lrs3QKHkSUiQboA_00004 (already processed)
Skipping lrs3QKHkSUiQboA_00005 (already processed)
Skipping lrs3QKHkSUiQboA_00007 (already processed)
Skipping lrs3QleRgTBMX88_00001 (already processed)
Skipping lrs3QleRgTBMX88_00002 (already processed)
Skipping lrs3qlty0OPcU6k_00001 (already processed)
Skipping lrs3qlty0OPcU6k_00002 (already processed)
Skipping lrs3QoT0S2vu9m4_00001 (already processed)
Skipping lrs3QoT0S2vu9m4_00002 (already processed)
Skipping lrs3QoyBYYpal1Y_00001 (already processed)
Skipping lrs3qsJYrwzfd6w_00004 (already processed)
Skipping lrs3qsJYrwzfd6w_00005 (already processed)
Skipping lrs3qsJYrwzfd6w_00006 (already processed)
Skipping lrs3qsJYrwzfd6w_00007 (already processed)
Skipping lrs3QuIS7J59SYw_00001 (already processed)
Skipping lrs3qWNae7vYK6s_00001 (already processed)
Skipping lrs3qWNae7vYK6s_00002 (already processed)
Skipping lrs3qWNae7vYK6s_00003 (already processed)
Skipping lrs3qWNae7vYK6s_00004 (already processed)
Skipping lrs3qWNae7vYK6s_00006 (already processed)
Skipping lrs3qWNae7vYK6s_00007 (already processed)
Skipping lrs3qWNae7vYK6s_00008 (already processed)
Skipping lrs3qWNae7vYK6s_00009 (already processed)
Skipping lrs3qYUmI5kGsYk_00001 (already processed)
Skipping lrs3RAR4cz9wkUk_00001 (already processed)
Skipping lrs3RAR4cz9wkUk_00002 (already processed)
Skipping lrs3RaSlxoAUP5c_00001 (already processed)
Skipping lrs3RaSlxoAUP5c_00003 (already processed)
Skipping lrs3RaSlxoAUP5c_00004 (already processed)
Skipping lrs3rBKV4rOgSJU_00008 (already processed)
Skipping lrs3RCXGpEmFbOw_00001 (already processed)
Skipping lrs3RD07GkmM2fc_00001 (already processed)
Skipping lrs3RD07GkmM2fc_00004 (already processed)
Skipping lrs3RDIy58g9n2k_00002 (already processed)
Skipping lrs3RDSSLJG7oi8_00001 (already processed)
Skipping lrs3RE4ce4mexrU_00002 (already processed)
Skipping lrs3RE4ce4mexrU_00004 (already processed)
Skipping lrs3RE4ce4mexrU_00005 (already processed)
Skipping lrs3rFpDK2KhAgw_00001 (already processed)
Skipping lrs3rFpDK2KhAgw_00002 (already processed)
Skipping lrs3rFpDK2KhAgw_00003 (already processed)
Skipping lrs3rFpDK2KhAgw_00006 (already processed)
Skipping lrs3rFpDK2KhAgw_00007 (already processed)
Skipping lrs3rftagV38YKY_00001 (already processed)
Skipping lrs3rGfhahVBIQw_00001 (already processed)
Skipping lrs3rGfhahVBIQw_00002 (already processed)
Skipping lrs3RiM5aSvaNkg_00001 (already processed)
Skipping lrs3RiM5aSvaNkg_00002 (already processed)
Skipping lrs3RiM5aSvaNkg_00003 (already processed)
Skipping lrs3RlQ3CSVanaU_00001 (already processed)
Skipping lrs3ROgFmb3oTLo_00001 (already processed)
Skipping lrs3ROgFmb3oTLo_00002 (already processed)
Skipping lrs3ROgFmb3oTLo_00004 (already processed)
Skipping lrs3ROgFmb3oTLo_00005 (already processed)
Skipping lrs3ROgFmb3oTLo_00007 (already processed)
Skipping lrs3ROgFmb3oTLo_00010 (already processed)
Skipping lrs3rP7nmdDA1Fg_00001 (already processed)
Skipping lrs3rP7nmdDA1Fg_00002 (already processed)
Skipping lrs3rP7nmdDA1Fg_00005 (already processed)
Skipping lrs3rP7nmdDA1Fg_00006 (already processed)
Skipping lrs3rP7nmdDA1Fg_00007 (already processed)
Skipping lrs3RplnSVTzvnU_00001 (already processed)
Skipping lrs3RplnSVTzvnU_00002 (already processed)
Skipping lrs3RplnSVTzvnU_00003 (already processed)
Skipping lrs3rSSanSYZDT4_00001 (already processed)
Skipping lrs3rSSanSYZDT4_00002 (already processed)
Skipping lrs3Rw9s0ivfn3w_00001 (already processed)
Skipping lrs3rZCxdbqMc2Q_00001 (already processed)
Skipping lrs3s0YjL9rZyR0_00003 (already processed)
Skipping lrs3s0YjL9rZyR0_00004 (already processed)
Skipping lrs3s0YjL9rZyR0_00005 (already processed)
Skipping lrs3s0YjL9rZyR0_00007 (already processed)
Skipping lrs3s0YjL9rZyR0_00008 (already processed)
Skipping lrs3S2Dj9M71JAc_00003 (already processed)
Skipping lrs3S2Dj9M71JAc_00006 (already processed)
Skipping lrs3S2Dj9M71JAc_00007 (already processed)
Skipping lrs3S2Dj9M71JAc_00008 (already processed)
Skipping lrs3s4smjT1qwZU_00002 (already processed)
Skipping lrs3S6ufvYWTqQ0_00001 (already processed)
Skipping lrs3S6ufvYWTqQ0_00005 (already processed)
Skipping lrs3S7t6Ry4PlTo_00001 (already processed)
Skipping lrs3Sa27SUR0Mlo_00001 (already processed)
Skipping lrs3Sa27SUR0Mlo_00002 (already processed)
Skipping lrs3Sa27SUR0Mlo_00003 (already processed)
Skipping lrs3Sa27SUR0Mlo_00004 (already processed)
Skipping lrs3Sa27SUR0Mlo_00008 (already processed)
Skipping lrs3Sa27SUR0Mlo_00010 (already processed)
Skipping lrs3Sa27SUR0Mlo_00012 (already processed)
Skipping lrs3Sa27SUR0Mlo_00013 (already processed)
Skipping lrs3SaouBn7IKIo_00001 (already processed)
Skipping lrs3SaouBn7IKIo_00002 (already processed)
Skipping lrs3Sbm98rrVZzE_00001 (already processed)
Skipping lrs3Sddb0Khx0yA_00001 (already processed)
Skipping lrs3SE97Kgi0sR4_00001 (already processed)
Skipping lrs3SE97Kgi0sR4_00002 (already processed)
Skipping lrs3SE97Kgi0sR4_00003 (already processed)
Skipping lrs3SE97Kgi0sR4_00004 (already processed)
Skipping lrs3SE97Kgi0sR4_00005 (already processed)
Skipping lrs3SE97Kgi0sR4_00006 (already processed)
Skipping lrs3Sew0bn8mGAA_00002 (already processed)
Skipping lrs3Sew0bn8mGAA_00004 (already processed)
Skipping lrs3Sew0bn8mGAA_00006 (already processed)
Skipping lrs3Sew0bn8mGAA_00007 (already processed)
Skipping lrs3Sew0bn8mGAA_00009 (already processed)
Skipping lrs3SFnMTHhKdkw_00003 (already processed)
Skipping lrs3SFnMTHhKdkw_00004 (already processed)
Skipping lrs3SFnMTHhKdkw_00005 (already processed)
Skipping lrs3SFnMTHhKdkw_00008 (already processed)
Skipping lrs3SFnMTHhKdkw_00009 (already processed)
Skipping lrs3SFnMTHhKdkw_00010 (already processed)
Skipping lrs3shG0ezBeeJc_00001 (already processed)
Skipping lrs3shG0ezBeeJc_00002 (already processed)
Skipping lrs3Sktdq5z1NS4_00001 (already processed)
Skipping lrs3SmLeSPk3ddE_00001 (already processed)
Skipping lrs3SN7wO06Yz1E_00002 (already processed)
Skipping lrs3SN7wO06Yz1E_00003 (already processed)
Skipping lrs3SN7wO06Yz1E_00004 (already processed)
Skipping lrs3SN7wO06Yz1E_00005 (already processed)
Skipping lrs3SN7wO06Yz1E_00006 (already processed)
Skipping lrs3SN7wO06Yz1E_00008 (already processed)
Skipping lrs3SN7wO06Yz1E_00009 (already processed)
Skipping lrs3SnSHsb5xKPo_00001 (already processed)
Skipping lrs3SnSHsb5xKPo_00002 (already processed)
Skipping lrs3SpTGUTSFvf4_00001 (already processed)
Skipping lrs3SpTGUTSFvf4_00003 (already processed)
Skipping lrs3SpTGUTSFvf4_00004 (already processed)
Skipping lrs3SS8TSf2srSw_00002 (already processed)
Skipping lrs3SS8TSf2srSw_00003 (already processed)
Skipping lrs3SS8TSf2srSw_00006 (already processed)
Skipping lrs3SS8TSf2srSw_00007 (already processed)
Skipping lrs3SS8TSf2srSw_00008 (already processed)
Skipping lrs3SsqlpgMKjyU_00001 (already processed)
Skipping lrs3SsqlpgMKjyU_00002 (already processed)
Skipping lrs3SsqlpgMKjyU_00003 (already processed)
Skipping lrs3SSzRfSJTNW4_00001 (already processed)
Skipping lrs3SSzRfSJTNW4_00003 (already processed)
Skipping lrs3SSzRfSJTNW4_00005 (already processed)
Skipping lrs3SSzRfSJTNW4_00006 (already processed)
Skipping lrs3SSzRfSJTNW4_00007 (already processed)
Skipping lrs3stngBN4hp14_00001 (already processed)
Skipping lrs3Sv5QitqbxJw_00003 (already processed)
Skipping lrs3Sv5QitqbxJw_00004 (already processed)
Skipping lrs3sVtIuDKFO1c_00001 (already processed)
Skipping lrs3sVtIuDKFO1c_00003 (already processed)
Skipping lrs3SWiwSBLXS3k_00001 (already processed)
Skipping lrs3SWiwSBLXS3k_00002 (already processed)
Skipping lrs3SWiwSBLXS3k_00003 (already processed)
Skipping lrs3SWiwSBLXS3k_00008 (already processed)
Skipping lrs3SWvJxasiSZ8_00004 (already processed)
Skipping lrs3SWvJxasiSZ8_00005 (already processed)
Skipping lrs3SWvJxasiSZ8_00006 (already processed)
Skipping lrs3SWvJxasiSZ8_00009 (already processed)
Skipping lrs3sxnlvwprfSc_00001 (already processed)
Skipping lrs3sxnlvwprfSc_00002 (already processed)
Skipping lrs3sxnlvwprfSc_00003 (already processed)
Skipping lrs3sxnlvwprfSc_00007 (already processed)
Skipping lrs3sxnlvwprfSc_00008 (already processed)
Skipping lrs3sxnlvwprfSc_00011 (already processed)
Skipping lrs3t2gbcVaZ448_00002 (already processed)
Skipping lrs3t2gbcVaZ448_00003 (already processed)
Skipping lrs3t2gbcVaZ448_00004 (already processed)
Skipping lrs3t7Xr3AsBEK4_00001 (already processed)
Skipping lrs3t7Xr3AsBEK4_00002 (already processed)
Skipping lrs3t7Xr3AsBEK4_00004 (already processed)
Skipping lrs3t7Xr3AsBEK4_00005 (already processed)
Skipping lrs3t7Xr3AsBEK4_00006 (already processed)
Skipping lrs3t7Xr3AsBEK4_00007 (already processed)
Skipping lrs3t7Xr3AsBEK4_00008 (already processed)
Skipping lrs3t7Xr3AsBEK4_00009 (already processed)
Skipping lrs3ta2Wvy9FSgA_00001 (already processed)
Skipping lrs3ta2Wvy9FSgA_00002 (already processed)
Skipping lrs3ta2Wvy9FSgA_00003 (already processed)
Skipping lrs3tbSWdVA4Sbo_00001 (already processed)
Skipping lrs3TDaFwnOiKVE_00002 (already processed)
Skipping lrs3TDaFwnOiKVE_00003 (already processed)
Skipping lrs3TDaFwnOiKVE_00004 (already processed)
Skipping lrs3tgSCwQwYNjc_00001 (already processed)
Skipping lrs3TGZMSmcuiXM_00001 (already processed)
Skipping lrs3TGZMSmcuiXM_00002 (already processed)
Skipping lrs3TGZMSmcuiXM_00003 (already processed)
Skipping lrs3TGZMSmcuiXM_00004 (already processed)
Skipping lrs3TGZMSmcuiXM_00008 (already processed)
Skipping lrs3TGZMSmcuiXM_00009 (already processed)
Skipping lrs3TGZMSmcuiXM_00012 (already processed)
Skipping lrs3TGZMSmcuiXM_00013 (already processed)
Skipping lrs3tiSiSM3pk5M_00002 (already processed)
Skipping lrs3tiSiSM3pk5M_00003 (already processed)
Skipping lrs3tiSiSM3pk5M_00005 (already processed)
Skipping lrs3tiSiSM3pk5M_00009 (already processed)
Skipping lrs3tiSiSM3pk5M_00010 (already processed)
Skipping lrs3tiSiSM3pk5M_00012 (already processed)
Skipping lrs3TRajLqEaWhQ_00002 (already processed)
Skipping lrs3TScetimMBL8_00002 (already processed)
Skipping lrs3TScetimMBL8_00003 (already processed)
Skipping lrs3TScetimMBL8_00004 (already processed)
Skipping lrs3TScetimMBL8_00005 (already processed)
Skipping lrs3TScetimMBL8_00006 (already processed)
Skipping lrs3TUgBdSyK7S4_00001 (already processed)
Skipping lrs3TUxwiVFgghE_00001 (already processed)
Skipping lrs3TVtgb153S6I_00001 (already processed)
Skipping lrs3TVtgb153S6I_00002 (already processed)
Skipping lrs3tzJYY2p0QIc_00001 (already processed)
Skipping lrs3tzJYY2p0QIc_00003 (already processed)
Skipping lrs3u4L130DkdOw_00001 (already processed)
Skipping lrs3U6FvJ6jMGHU_00002 (already processed)
Skipping lrs3U6FvJ6jMGHU_00003 (already processed)
Skipping lrs3U6PoUg7jXsA_00001 (already processed)
Skipping lrs3U6PoUg7jXsA_00002 (already processed)
Skipping lrs3U6PoUg7jXsA_00004 (already processed)
Skipping lrs3U6PoUg7jXsA_00005 (already processed)
Skipping lrs3UAinLaT42xY_00001 (already processed)
Skipping lrs3UAj1hsXp18c_00001 (already processed)
Skipping lrs3UAj1hsXp18c_00003 (already processed)
Skipping lrs3UAj1hsXp18c_00006 (already processed)
Skipping lrs3UAj1hsXp18c_00011 (already processed)
Skipping lrs3UAj1hsXp18c_00012 (already processed)
Skipping lrs3UAj1hsXp18c_00013 (already processed)
Skipping lrs3UAj1hsXp18c_00014 (already processed)
Skipping lrs3UAj1hsXp18c_00016 (already processed)
Skipping lrs3UAj1hsXp18c_00017 (already processed)
Skipping lrs3UAj1hsXp18c_00018 (already processed)
Skipping lrs3UAj1hsXp18c_00019 (already processed)
Skipping lrs3UAj1hsXp18c_00020 (already processed)
Skipping lrs3UAj1hsXp18c_00021 (already processed)
Skipping lrs3UAj1hsXp18c_00022 (already processed)
Skipping lrs3UAj1hsXp18c_00023 (already processed)
Skipping lrs3UAj1hsXp18c_00024 (already processed)
Running inference for: lrs3UAj1hsXp18c_00025
/home/sam.caasi/.conda/envs/mononphm/lib/python3.9/site-packages/torch_geometric/typing.py:54: UserWarning: An issue occurred while importing 'pyg-lib'. Disabling its usage. Stacktrace: /lib64/libm.so.6: version `GLIBC_2.29' not found (required by /home/sam.caasi/.conda/envs/mononphm/lib/python3.9/site-packages/libpyg.so)
  warnings.warn(f"An issue occurred while importing 'pyg-lib'. "
/home/sam.caasi/.conda/envs/mononphm/lib/python3.9/site-packages/torch_geometric/typing.py:110: UserWarning: An issue occurred while importing 'torch-sparse'. Disabling its usage. Stacktrace: /lib64/libm.so.6: version `GLIBC_2.29' not found (required by /home/sam.caasi/.conda/envs/mononphm/lib/python3.9/site-packages/libpyg.so)
  warnings.warn(f"An issue occurred while importing 'torch-sparse'. "
